<?xml version="1.0" encoding="UTF-8"?>
<coverage generated="1687447394578" clover="3.2.0">
  <project timestamp="1687447394578" name="All files">
    <metrics statements="212" coveredstatements="212" conditionals="143" coveredconditionals="143" methods="81" coveredmethods="81" elements="436" coveredelements="436" complexity="0" loc="212" ncloc="212" packages="1" files="5" classes="5"/>
    <file name="Comentario.js" path="C:\Users\betin\OneDrive\Escritorio\Sapelli-Kadessian\fuente\dominio\Comentario.js">
      <metrics statements="17" coveredstatements="17" conditionals="8" coveredconditionals="8" methods="8" coveredmethods="8"/>
      <line num="16" count="18" type="stmt"/>
      <line num="17" count="18" type="stmt"/>
      <line num="18" count="18" type="stmt"/>
      <line num="26" count="8" type="stmt"/>
      <line num="34" count="9" type="stmt"/>
      <line num="42" count="5" type="stmt"/>
      <line num="50" count="2" type="cond" truecount="2" falsecount="0"/>
      <line num="51" count="1" type="stmt"/>
      <line num="53" count="1" type="stmt"/>
      <line num="61" count="2" type="cond" truecount="2" falsecount="0"/>
      <line num="62" count="1" type="stmt"/>
      <line num="64" count="1" type="stmt"/>
      <line num="72" count="2" type="cond" truecount="4" falsecount="0"/>
      <line num="73" count="1" type="stmt"/>
      <line num="74" count="1" type="stmt"/>
      <line num="76" count="1" type="stmt"/>
      <line num="84" count="1" type="stmt"/>
    </file>
    <file name="Dia.js" path="C:\Users\betin\OneDrive\Escritorio\Sapelli-Kadessian\fuente\dominio\Dia.js">
      <metrics statements="44" coveredstatements="44" conditionals="27" coveredconditionals="27" methods="13" coveredmethods="13"/>
      <line num="15" count="41" type="stmt"/>
      <line num="16" count="41" type="stmt"/>
      <line num="17" count="41" type="stmt"/>
      <line num="25" count="7" type="cond" truecount="4" falsecount="0"/>
      <line num="26" count="2" type="stmt"/>
      <line num="28" count="5" type="stmt"/>
      <line num="36" count="2" type="stmt"/>
      <line num="37" count="2" type="cond" truecount="2" falsecount="0"/>
      <line num="38" count="1" type="stmt"/>
      <line num="40" count="1" type="stmt"/>
      <line num="49" count="4" type="stmt"/>
      <line num="57" count="3" type="stmt"/>
      <line num="65" count="31" type="stmt"/>
      <line num="73" count="2" type="cond" truecount="2" falsecount="0"/>
      <line num="74" count="1" type="stmt"/>
      <line num="76" count="1" type="stmt"/>
      <line num="84" count="2" type="cond" truecount="4" falsecount="0"/>
      <line num="85" count="1" type="stmt"/>
      <line num="87" count="1" type="stmt"/>
      <line num="95" count="4" type="stmt"/>
      <line num="96" count="4" type="stmt"/>
      <line num="97" count="6" type="stmt"/>
      <line num="99" count="4" type="stmt"/>
      <line num="107" count="2" type="stmt"/>
      <line num="108" count="2" type="stmt"/>
      <line num="109" count="2" type="cond" truecount="2" falsecount="0"/>
      <line num="110" count="1" type="stmt"/>
      <line num="111" count="3" type="stmt"/>
      <line num="113" count="1" type="stmt"/>
      <line num="115" count="2" type="stmt"/>
      <line num="123" count="7" type="stmt"/>
      <line num="132" count="7" type="cond" truecount="2" falsecount="0"/>
      <line num="133" count="1" type="stmt"/>
      <line num="136" count="6" type="stmt"/>
      <line num="137" count="6" type="stmt"/>
      <line num="138" count="6" type="stmt"/>
      <line num="139" count="6" type="stmt"/>
      <line num="141" count="6" type="stmt"/>
      <line num="142" count="6" type="stmt"/>
      <line num="154" count="3" type="cond" truecount="4" falsecount="0"/>
      <line num="155" count="1" type="stmt"/>
      <line num="157" count="2" type="cond" truecount="4" falsecount="0"/>
      <line num="158" count="1" type="stmt"/>
      <line num="160" count="1" type="stmt"/>
    </file>
    <file name="Menu.js" path="C:\Users\betin\OneDrive\Escritorio\Sapelli-Kadessian\fuente\dominio\Menu.js">
      <metrics statements="54" coveredstatements="54" conditionals="41" coveredconditionals="41" methods="24" coveredmethods="24"/>
      <line num="32" count="72" type="stmt"/>
      <line num="33" count="72" type="stmt"/>
      <line num="34" count="72" type="stmt"/>
      <line num="35" count="72" type="stmt"/>
      <line num="36" count="72" type="stmt"/>
      <line num="37" count="72" type="stmt"/>
      <line num="38" count="72" type="stmt"/>
      <line num="39" count="72" type="stmt"/>
      <line num="40" count="72" type="stmt"/>
      <line num="41" count="72" type="stmt"/>
      <line num="42" count="72" type="stmt"/>
      <line num="51" count="1" type="stmt"/>
      <line num="59" count="5" type="stmt"/>
      <line num="67" count="2" type="stmt"/>
      <line num="75" count="2" type="stmt"/>
      <line num="83" count="1" type="stmt"/>
      <line num="91" count="2" type="stmt"/>
      <line num="99" count="2" type="stmt"/>
      <line num="107" count="2" type="stmt"/>
      <line num="115" count="2" type="stmt"/>
      <line num="123" count="2" type="stmt"/>
      <line num="131" count="2" type="stmt"/>
      <line num="139" count="2" type="stmt"/>
      <line num="147" count="2" type="cond" truecount="4" falsecount="0"/>
      <line num="148" count="1" type="stmt"/>
      <line num="150" count="1" type="stmt"/>
      <line num="158" count="2" type="cond" truecount="4" falsecount="0"/>
      <line num="159" count="1" type="stmt"/>
      <line num="161" count="1" type="stmt"/>
      <line num="169" count="2" type="cond" truecount="4" falsecount="0"/>
      <line num="170" count="1" type="stmt"/>
      <line num="172" count="1" type="stmt"/>
      <line num="180" count="2" type="cond" truecount="5" falsecount="0"/>
      <line num="181" count="1" type="stmt"/>
      <line num="183" count="1" type="stmt"/>
      <line num="191" count="2" type="cond" truecount="4" falsecount="0"/>
      <line num="192" count="1" type="stmt"/>
      <line num="194" count="1" type="stmt"/>
      <line num="202" count="2" type="cond" truecount="4" falsecount="0"/>
      <line num="203" count="1" type="stmt"/>
      <line num="205" count="1" type="stmt"/>
      <line num="213" count="2" type="cond" truecount="4" falsecount="0"/>
      <line num="214" count="1" type="stmt"/>
      <line num="216" count="1" type="stmt"/>
      <line num="224" count="2" type="cond" truecount="4" falsecount="0"/>
      <line num="225" count="1" type="stmt"/>
      <line num="227" count="1" type="stmt"/>
      <line num="235" count="2" type="cond" truecount="4" falsecount="0"/>
      <line num="236" count="1" type="stmt"/>
      <line num="238" count="1" type="stmt"/>
      <line num="246" count="2" type="cond" truecount="4" falsecount="0"/>
      <line num="247" count="1" type="stmt"/>
      <line num="249" count="1" type="stmt"/>
      <line num="257" count="1" type="stmt"/>
    </file>
    <file name="Padre.js" path="C:\Users\betin\OneDrive\Escritorio\Sapelli-Kadessian\fuente\dominio\Padre.js">
      <metrics statements="60" coveredstatements="60" conditionals="57" coveredconditionals="57" methods="20" coveredmethods="20"/>
      <line num="19" count="78" type="stmt"/>
      <line num="20" count="78" type="stmt"/>
      <line num="21" count="78" type="stmt"/>
      <line num="22" count="78" type="stmt"/>
      <line num="23" count="78" type="stmt"/>
      <line num="24" count="78" type="stmt"/>
      <line num="32" count="3" type="cond" truecount="2" falsecount="0"/>
      <line num="33" count="1" type="stmt"/>
      <line num="35" count="2" type="stmt"/>
      <line num="43" count="3" type="cond" truecount="2" falsecount="0"/>
      <line num="44" count="1" type="stmt"/>
      <line num="46" count="2" type="stmt"/>
      <line num="55" count="2" type="stmt"/>
      <line num="64" count="2" type="stmt"/>
      <line num="72" count="13" type="cond" truecount="5" falsecount="0"/>
      <line num="74" count="3" type="stmt"/>
      <line num="76" count="10" type="stmt"/>
      <line num="84" count="2" type="stmt"/>
      <line num="85" count="2" type="stmt"/>
      <line num="86" count="2" type="cond" truecount="2" falsecount="0"/>
      <line num="87" count="1" type="stmt"/>
      <line num="90" count="2" type="cond" truecount="2" falsecount="0"/>
      <line num="91" count="1" type="stmt"/>
      <line num="100" count="4" type="stmt"/>
      <line num="108" count="2" type="stmt"/>
      <line num="116" count="3" type="stmt"/>
      <line num="127" count="5" type="stmt"/>
      <line num="128" count="2" type="stmt"/>
      <line num="129" count="2" type="stmt"/>
      <line num="130" count="2" type="stmt"/>
      <line num="132" count="5" type="stmt"/>
      <line num="140" count="4" type="cond" truecount="5" falsecount="0"/>
      <line num="142" count="3" type="stmt"/>
      <line num="144" count="1" type="stmt"/>
      <line num="152" count="5" type="cond" truecount="6" falsecount="0"/>
      <line num="154" count="4" type="stmt"/>
      <line num="156" count="1" type="stmt"/>
      <line num="164" count="4" type="cond" truecount="5" falsecount="0"/>
      <line num="166" count="3" type="stmt"/>
      <line num="168" count="1" type="stmt"/>
      <line num="178" count="17" type="stmt"/>
      <line num="179" count="17" type="stmt"/>
      <line num="180" count="9" type="cond" truecount="2" falsecount="0"/>
      <line num="181" count="3" type="stmt"/>
      <line num="184" count="17" type="stmt"/>
      <line num="192" count="7" type="cond" truecount="5" falsecount="0"/>
      <line num="194" count="3" type="stmt"/>
      <line num="196" count="4" type="stmt"/>
      <line num="197" count="4" type="stmt"/>
      <line num="205" count="2" type="cond" truecount="5" falsecount="0"/>
      <line num="207" count="1" type="stmt"/>
      <line num="209" count="1" type="stmt"/>
      <line num="217" count="1" type="stmt"/>
      <line num="226" count="6" type="cond" truecount="5" falsecount="0"/>
      <line num="228" count="2" type="stmt"/>
      <line num="230" count="4" type="cond" truecount="6" falsecount="0"/>
      <line num="232" count="2" type="stmt"/>
      <line num="234" count="2" type="cond" truecount="5" falsecount="0"/>
      <line num="236" count="1" type="stmt"/>
      <line num="238" count="1" type="stmt"/>
    </file>
    <file name="Sistema.js" path="C:\Users\betin\OneDrive\Escritorio\Sapelli-Kadessian\fuente\dominio\Sistema.js">
      <metrics statements="37" coveredstatements="37" conditionals="10" coveredconditionals="10" methods="16" coveredmethods="16"/>
      <line num="13" count="15" type="stmt"/>
      <line num="14" count="15" type="stmt"/>
      <line num="15" count="15" type="stmt"/>
      <line num="23" count="5" type="stmt"/>
      <line num="31" count="3" type="stmt"/>
      <line num="39" count="5" type="stmt"/>
      <line num="47" count="2" type="stmt"/>
      <line num="48" count="2" type="cond" truecount="2" falsecount="0"/>
      <line num="49" count="1" type="stmt"/>
      <line num="51" count="1" type="stmt"/>
      <line num="60" count="2" type="stmt"/>
      <line num="61" count="2" type="cond" truecount="2" falsecount="0"/>
      <line num="62" count="1" type="stmt"/>
      <line num="64" count="1" type="stmt"/>
      <line num="73" count="2" type="stmt"/>
      <line num="74" count="2" type="cond" truecount="2" falsecount="0"/>
      <line num="75" count="1" type="stmt"/>
      <line num="77" count="1" type="stmt"/>
      <line num="86" count="2" type="stmt"/>
      <line num="94" count="2" type="stmt"/>
      <line num="102" count="2" type="stmt"/>
      <line num="111" count="2" type="stmt"/>
      <line num="112" count="2" type="stmt"/>
      <line num="113" count="3" type="cond" truecount="2" falsecount="0"/>
      <line num="114" count="2" type="stmt"/>
      <line num="115" count="2" type="stmt"/>
      <line num="118" count="2" type="stmt"/>
      <line num="129" count="1" type="stmt"/>
      <line num="130" count="1" type="stmt"/>
      <line num="131" count="2" type="cond" truecount="2" falsecount="0"/>
      <line num="132" count="1" type="stmt"/>
      <line num="133" count="1" type="stmt"/>
      <line num="136" count="1" type="stmt"/>
      <line num="145" count="1" type="stmt"/>
      <line num="154" count="1" type="stmt"/>
      <line num="163" count="1" type="stmt"/>
      <line num="171" count="1" type="stmt"/>
    </file>
  </project>
</coverage>
