<?xml version="1.0" encoding="UTF-8"?>
<coverage generated="1686350287436" clover="3.2.0">
  <project timestamp="1686350287436" name="All files">
    <metrics statements="201" coveredstatements="201" conditionals="139" coveredconditionals="139" methods="77" coveredmethods="77" elements="417" coveredelements="417" complexity="0" loc="201" ncloc="201" packages="1" files="5" classes="5"/>
    <file name="Comentario.js" path="C:\Users\betin\OneDrive\Escritorio\Sapelli-Kadessian\fuente\dominio\Comentario.js">
      <metrics statements="16" coveredstatements="16" conditionals="8" coveredconditionals="8" methods="8" coveredmethods="8"/>
      <line num="8" count="18" type="stmt"/>
      <line num="9" count="18" type="stmt"/>
      <line num="10" count="18" type="stmt"/>
      <line num="14" count="8" type="stmt"/>
      <line num="17" count="9" type="stmt"/>
      <line num="20" count="5" type="stmt"/>
      <line num="23" count="2" type="cond" truecount="2" falsecount="0"/>
      <line num="24" count="1" type="stmt"/>
      <line num="26" count="1" type="stmt"/>
      <line num="29" count="2" type="cond" truecount="2" falsecount="0"/>
      <line num="30" count="1" type="stmt"/>
      <line num="32" count="1" type="stmt"/>
      <line num="35" count="2" type="cond" truecount="4" falsecount="0"/>
      <line num="36" count="1" type="stmt"/>
      <line num="38" count="1" type="stmt"/>
      <line num="41" count="1" type="stmt"/>
    </file>
    <file name="Dia.js" path="C:\Users\betin\OneDrive\Escritorio\Sapelli-Kadessian\fuente\dominio\Dia.js">
      <metrics statements="44" coveredstatements="44" conditionals="27" coveredconditionals="27" methods="13" coveredmethods="13"/>
      <line num="7" count="41" type="stmt"/>
      <line num="8" count="41" type="stmt"/>
      <line num="9" count="41" type="stmt"/>
      <line num="13" count="7" type="cond" truecount="4" falsecount="0"/>
      <line num="14" count="2" type="stmt"/>
      <line num="16" count="5" type="stmt"/>
      <line num="20" count="2" type="stmt"/>
      <line num="21" count="2" type="cond" truecount="2" falsecount="0"/>
      <line num="22" count="1" type="stmt"/>
      <line num="24" count="1" type="stmt"/>
      <line num="29" count="4" type="stmt"/>
      <line num="33" count="3" type="stmt"/>
      <line num="37" count="31" type="stmt"/>
      <line num="41" count="2" type="cond" truecount="2" falsecount="0"/>
      <line num="42" count="1" type="stmt"/>
      <line num="44" count="1" type="stmt"/>
      <line num="48" count="2" type="cond" truecount="4" falsecount="0"/>
      <line num="49" count="1" type="stmt"/>
      <line num="51" count="1" type="stmt"/>
      <line num="55" count="4" type="stmt"/>
      <line num="56" count="4" type="stmt"/>
      <line num="57" count="6" type="stmt"/>
      <line num="59" count="4" type="stmt"/>
      <line num="63" count="2" type="stmt"/>
      <line num="64" count="2" type="stmt"/>
      <line num="65" count="2" type="cond" truecount="2" falsecount="0"/>
      <line num="66" count="1" type="stmt"/>
      <line num="67" count="3" type="stmt"/>
      <line num="69" count="1" type="stmt"/>
      <line num="71" count="2" type="stmt"/>
      <line num="75" count="7" type="stmt"/>
      <line num="79" count="7" type="cond" truecount="2" falsecount="0"/>
      <line num="80" count="1" type="stmt"/>
      <line num="83" count="6" type="stmt"/>
      <line num="84" count="6" type="stmt"/>
      <line num="85" count="6" type="stmt"/>
      <line num="86" count="6" type="stmt"/>
      <line num="88" count="6" type="stmt"/>
      <line num="89" count="6" type="stmt"/>
      <line num="97" count="3" type="cond" truecount="4" falsecount="0"/>
      <line num="98" count="1" type="stmt"/>
      <line num="100" count="2" type="cond" truecount="4" falsecount="0"/>
      <line num="101" count="1" type="stmt"/>
      <line num="103" count="1" type="stmt"/>
    </file>
    <file name="Menu.js" path="C:\Users\betin\OneDrive\Escritorio\Sapelli-Kadessian\fuente\dominio\Menu.js">
      <metrics statements="54" coveredstatements="54" conditionals="41" coveredconditionals="41" methods="24" coveredmethods="24"/>
      <line num="17" count="72" type="stmt"/>
      <line num="18" count="72" type="stmt"/>
      <line num="19" count="72" type="stmt"/>
      <line num="20" count="72" type="stmt"/>
      <line num="21" count="72" type="stmt"/>
      <line num="22" count="72" type="stmt"/>
      <line num="23" count="72" type="stmt"/>
      <line num="24" count="72" type="stmt"/>
      <line num="25" count="72" type="stmt"/>
      <line num="26" count="72" type="stmt"/>
      <line num="27" count="72" type="stmt"/>
      <line num="30" count="1" type="stmt"/>
      <line num="33" count="5" type="stmt"/>
      <line num="36" count="2" type="stmt"/>
      <line num="39" count="2" type="stmt"/>
      <line num="42" count="1" type="stmt"/>
      <line num="45" count="2" type="stmt"/>
      <line num="48" count="2" type="stmt"/>
      <line num="51" count="2" type="stmt"/>
      <line num="54" count="2" type="stmt"/>
      <line num="57" count="2" type="stmt"/>
      <line num="60" count="2" type="stmt"/>
      <line num="63" count="2" type="stmt"/>
      <line num="67" count="2" type="cond" truecount="4" falsecount="0"/>
      <line num="68" count="1" type="stmt"/>
      <line num="70" count="1" type="stmt"/>
      <line num="74" count="2" type="cond" truecount="4" falsecount="0"/>
      <line num="75" count="1" type="stmt"/>
      <line num="77" count="1" type="stmt"/>
      <line num="81" count="2" type="cond" truecount="4" falsecount="0"/>
      <line num="82" count="1" type="stmt"/>
      <line num="84" count="1" type="stmt"/>
      <line num="88" count="2" type="cond" truecount="5" falsecount="0"/>
      <line num="89" count="1" type="stmt"/>
      <line num="91" count="1" type="stmt"/>
      <line num="95" count="2" type="cond" truecount="4" falsecount="0"/>
      <line num="96" count="1" type="stmt"/>
      <line num="98" count="1" type="stmt"/>
      <line num="102" count="2" type="cond" truecount="4" falsecount="0"/>
      <line num="103" count="1" type="stmt"/>
      <line num="105" count="1" type="stmt"/>
      <line num="109" count="2" type="cond" truecount="4" falsecount="0"/>
      <line num="110" count="1" type="stmt"/>
      <line num="112" count="1" type="stmt"/>
      <line num="116" count="2" type="cond" truecount="4" falsecount="0"/>
      <line num="117" count="1" type="stmt"/>
      <line num="119" count="1" type="stmt"/>
      <line num="123" count="2" type="cond" truecount="4" falsecount="0"/>
      <line num="124" count="1" type="stmt"/>
      <line num="126" count="1" type="stmt"/>
      <line num="130" count="2" type="cond" truecount="4" falsecount="0"/>
      <line num="131" count="1" type="stmt"/>
      <line num="133" count="1" type="stmt"/>
      <line num="137" count="1" type="stmt"/>
    </file>
    <file name="Padre.js" path="C:\Users\betin\OneDrive\Escritorio\Sapelli-Kadessian\fuente\dominio\Padre.js">
      <metrics statements="50" coveredstatements="50" conditionals="53" coveredconditionals="53" methods="16" coveredmethods="16"/>
      <line num="15" count="71" type="stmt"/>
      <line num="16" count="71" type="stmt"/>
      <line num="17" count="71" type="stmt"/>
      <line num="18" count="71" type="stmt"/>
      <line num="26" count="13" type="cond" truecount="5" falsecount="0"/>
      <line num="27" count="3" type="stmt"/>
      <line num="29" count="10" type="stmt"/>
      <line num="37" count="2" type="stmt"/>
      <line num="38" count="2" type="stmt"/>
      <line num="39" count="2" type="cond" truecount="2" falsecount="0"/>
      <line num="40" count="1" type="stmt"/>
      <line num="43" count="2" type="cond" truecount="2" falsecount="0"/>
      <line num="44" count="1" type="stmt"/>
      <line num="53" count="3" type="stmt"/>
      <line num="61" count="2" type="stmt"/>
      <line num="69" count="3" type="stmt"/>
      <line num="78" count="5" type="stmt"/>
      <line num="79" count="2" type="stmt"/>
      <line num="80" count="2" type="stmt"/>
      <line num="81" count="2" type="stmt"/>
      <line num="83" count="5" type="stmt"/>
      <line num="91" count="4" type="cond" truecount="5" falsecount="0"/>
      <line num="92" count="3" type="stmt"/>
      <line num="94" count="1" type="stmt"/>
      <line num="102" count="5" type="cond" truecount="6" falsecount="0"/>
      <line num="103" count="4" type="stmt"/>
      <line num="105" count="1" type="stmt"/>
      <line num="113" count="4" type="cond" truecount="5" falsecount="0"/>
      <line num="114" count="3" type="stmt"/>
      <line num="116" count="1" type="stmt"/>
      <line num="125" count="17" type="stmt"/>
      <line num="126" count="17" type="stmt"/>
      <line num="127" count="9" type="cond" truecount="2" falsecount="0"/>
      <line num="128" count="3" type="stmt"/>
      <line num="131" count="17" type="stmt"/>
      <line num="139" count="7" type="cond" truecount="5" falsecount="0"/>
      <line num="140" count="3" type="stmt"/>
      <line num="142" count="4" type="stmt"/>
      <line num="143" count="4" type="stmt"/>
      <line num="151" count="2" type="cond" truecount="5" falsecount="0"/>
      <line num="152" count="1" type="stmt"/>
      <line num="154" count="1" type="stmt"/>
      <line num="162" count="1" type="stmt"/>
      <line num="170" count="6" type="cond" truecount="5" falsecount="0"/>
      <line num="171" count="2" type="stmt"/>
      <line num="173" count="4" type="cond" truecount="6" falsecount="0"/>
      <line num="174" count="2" type="stmt"/>
      <line num="176" count="2" type="cond" truecount="5" falsecount="0"/>
      <line num="177" count="1" type="stmt"/>
      <line num="179" count="1" type="stmt"/>
    </file>
    <file name="Sistema.js" path="C:\Users\betin\OneDrive\Escritorio\Sapelli-Kadessian\fuente\dominio\Sistema.js">
      <metrics statements="37" coveredstatements="37" conditionals="10" coveredconditionals="10" methods="16" coveredmethods="16"/>
      <line num="8" count="15" type="stmt"/>
      <line num="9" count="15" type="stmt"/>
      <line num="10" count="15" type="stmt"/>
      <line num="15" count="5" type="stmt"/>
      <line num="18" count="3" type="stmt"/>
      <line num="21" count="5" type="stmt"/>
      <line num="24" count="2" type="stmt"/>
      <line num="25" count="2" type="cond" truecount="2" falsecount="0"/>
      <line num="26" count="1" type="stmt"/>
      <line num="28" count="1" type="stmt"/>
      <line num="33" count="2" type="stmt"/>
      <line num="34" count="2" type="cond" truecount="2" falsecount="0"/>
      <line num="35" count="1" type="stmt"/>
      <line num="37" count="1" type="stmt"/>
      <line num="41" count="2" type="stmt"/>
      <line num="42" count="2" type="cond" truecount="2" falsecount="0"/>
      <line num="43" count="1" type="stmt"/>
      <line num="45" count="1" type="stmt"/>
      <line num="49" count="2" type="stmt"/>
      <line num="52" count="2" type="stmt"/>
      <line num="55" count="2" type="stmt"/>
      <line num="58" count="2" type="stmt"/>
      <line num="59" count="2" type="stmt"/>
      <line num="60" count="3" type="cond" truecount="2" falsecount="0"/>
      <line num="61" count="2" type="stmt"/>
      <line num="62" count="2" type="stmt"/>
      <line num="65" count="2" type="stmt"/>
      <line num="70" count="1" type="stmt"/>
      <line num="71" count="1" type="stmt"/>
      <line num="72" count="2" type="cond" truecount="2" falsecount="0"/>
      <line num="73" count="1" type="stmt"/>
      <line num="74" count="1" type="stmt"/>
      <line num="77" count="1" type="stmt"/>
      <line num="80" count="1" type="stmt"/>
      <line num="83" count="1" type="stmt"/>
      <line num="86" count="1" type="stmt"/>
      <line num="89" count="1" type="stmt"/>
    </file>
  </project>
</coverage>
