{"C:\\Users\\betin\\OneDrive\\Escritorio\\Sapelli-Kadessian\\fuente\\dominio\\Comentario.js": {"path":"C:\\Users\\betin\\OneDrive\\Escritorio\\Sapelli-Kadessian\\fuente\\dominio\\Comentario.js","statementMap":{"0":{"start":{"line":8,"column":4},"end":{"line":8,"column":24}},"1":{"start":{"line":9,"column":4},"end":{"line":9,"column":28}},"2":{"start":{"line":10,"column":4},"end":{"line":10,"column":32}},"3":{"start":{"line":14,"column":4},"end":{"line":14,"column":23}},"4":{"start":{"line":17,"column":4},"end":{"line":17,"column":25}},"5":{"start":{"line":20,"column":4},"end":{"line":20,"column":27}},"6":{"start":{"line":23,"column":4},"end":{"line":25,"column":5}},"7":{"start":{"line":24,"column":6},"end":{"line":24,"column":48}},"8":{"start":{"line":26,"column":4},"end":{"line":26,"column":24}},"9":{"start":{"line":29,"column":4},"end":{"line":31,"column":5}},"10":{"start":{"line":30,"column":6},"end":{"line":30,"column":50}},"11":{"start":{"line":32,"column":4},"end":{"line":32,"column":28}},"12":{"start":{"line":35,"column":4},"end":{"line":37,"column":5}},"13":{"start":{"line":36,"column":6},"end":{"line":36,"column":89}},"14":{"start":{"line":38,"column":4},"end":{"line":38,"column":32}},"15":{"start":{"line":41,"column":4},"end":{"line":41,"column":25}}},"fnMap":{"0":{"name":"(anonymous_0)","decl":{"start":{"line":7,"column":2},"end":{"line":7,"column":3}},"loc":{"start":{"line":7,"column":41},"end":{"line":11,"column":3}},"line":7},"1":{"name":"(anonymous_1)","decl":{"start":{"line":13,"column":2},"end":{"line":13,"column":3}},"loc":{"start":{"line":13,"column":13},"end":{"line":15,"column":3}},"line":13},"2":{"name":"(anonymous_2)","decl":{"start":{"line":16,"column":2},"end":{"line":16,"column":3}},"loc":{"start":{"line":16,"column":15},"end":{"line":18,"column":3}},"line":16},"3":{"name":"(anonymous_3)","decl":{"start":{"line":19,"column":2},"end":{"line":19,"column":3}},"loc":{"start":{"line":19,"column":17},"end":{"line":21,"column":3}},"line":19},"4":{"name":"(anonymous_4)","decl":{"start":{"line":22,"column":2},"end":{"line":22,"column":3}},"loc":{"start":{"line":22,"column":18},"end":{"line":27,"column":3}},"line":22},"5":{"name":"(anonymous_5)","decl":{"start":{"line":28,"column":2},"end":{"line":28,"column":3}},"loc":{"start":{"line":28,"column":22},"end":{"line":33,"column":3}},"line":28},"6":{"name":"(anonymous_6)","decl":{"start":{"line":34,"column":2},"end":{"line":34,"column":3}},"loc":{"start":{"line":34,"column":26},"end":{"line":39,"column":3}},"line":34},"7":{"name":"(anonymous_7)","decl":{"start":{"line":40,"column":2},"end":{"line":40,"column":3}},"loc":{"start":{"line":40,"column":13},"end":{"line":42,"column":3}},"line":40}},"branchMap":{"0":{"loc":{"start":{"line":23,"column":4},"end":{"line":25,"column":5}},"type":"if","locations":[{"start":{"line":23,"column":4},"end":{"line":25,"column":5}},{"start":{},"end":{}}],"line":23},"1":{"loc":{"start":{"line":29,"column":4},"end":{"line":31,"column":5}},"type":"if","locations":[{"start":{"line":29,"column":4},"end":{"line":31,"column":5}},{"start":{},"end":{}}],"line":29},"2":{"loc":{"start":{"line":35,"column":4},"end":{"line":37,"column":5}},"type":"if","locations":[{"start":{"line":35,"column":4},"end":{"line":37,"column":5}},{"start":{},"end":{}}],"line":35},"3":{"loc":{"start":{"line":35,"column":8},"end":{"line":35,"column":38}},"type":"binary-expr","locations":[{"start":{"line":35,"column":8},"end":{"line":35,"column":21}},{"start":{"line":35,"column":25},"end":{"line":35,"column":38}}],"line":35}},"s":{"0":18,"1":18,"2":18,"3":8,"4":9,"5":5,"6":2,"7":1,"8":1,"9":2,"10":1,"11":1,"12":2,"13":1,"14":1,"15":1},"f":{"0":18,"1":8,"2":9,"3":5,"4":2,"5":2,"6":2,"7":1},"b":{"0":[1,1],"1":[1,1],"2":[1,1],"3":[2,2]},"_coverageSchema":"1a1c01bbd47fc00a2c39e90264f33305004495a9","hash":"668ee7ad0349eab6127e3fd1a7b5647a0c669f17"}
,"C:\\Users\\betin\\OneDrive\\Escritorio\\Sapelli-Kadessian\\fuente\\dominio\\Dia.js": {"path":"C:\\Users\\betin\\OneDrive\\Escritorio\\Sapelli-Kadessian\\fuente\\dominio\\Dia.js","statementMap":{"0":{"start":{"line":7,"column":4},"end":{"line":7,"column":24}},"1":{"start":{"line":8,"column":4},"end":{"line":8,"column":22}},"2":{"start":{"line":9,"column":4},"end":{"line":9,"column":32}},"3":{"start":{"line":13,"column":4},"end":{"line":15,"column":5}},"4":{"start":{"line":14,"column":6},"end":{"line":14,"column":60}},"5":{"start":{"line":16,"column":4},"end":{"line":16,"column":44}},"6":{"start":{"line":20,"column":18},"end":{"line":20,"column":60}},"7":{"start":{"line":21,"column":4},"end":{"line":25,"column":5}},"8":{"start":{"line":22,"column":6},"end":{"line":22,"column":46}},"9":{"start":{"line":24,"column":6},"end":{"line":24,"column":76}},"10":{"start":{"line":29,"column":4},"end":{"line":29,"column":34}},"11":{"start":{"line":33,"column":4},"end":{"line":33,"column":22}},"12":{"start":{"line":37,"column":4},"end":{"line":37,"column":23}},"13":{"start":{"line":41,"column":4},"end":{"line":43,"column":5}},"14":{"start":{"line":42,"column":6},"end":{"line":42,"column":61}},"15":{"start":{"line":44,"column":4},"end":{"line":44,"column":24}},"16":{"start":{"line":48,"column":4},"end":{"line":50,"column":5}},"17":{"start":{"line":49,"column":6},"end":{"line":49,"column":60}},"18":{"start":{"line":51,"column":4},"end":{"line":51,"column":22}},"19":{"start":{"line":55,"column":15},"end":{"line":55,"column":16}},"20":{"start":{"line":56,"column":4},"end":{"line":58,"column":5}},"21":{"start":{"line":56,"column":17},"end":{"line":56,"column":18}},"22":{"start":{"line":57,"column":6},"end":{"line":57,"column":13}},"23":{"start":{"line":59,"column":4},"end":{"line":59,"column":16}},"24":{"start":{"line":63,"column":20},"end":{"line":63,"column":21}},"25":{"start":{"line":64,"column":15},"end":{"line":64,"column":16}},"26":{"start":{"line":65,"column":4},"end":{"line":70,"column":5}},"27":{"start":{"line":66,"column":6},"end":{"line":68,"column":7}},"28":{"start":{"line":66,"column":19},"end":{"line":66,"column":20}},"29":{"start":{"line":67,"column":8},"end":{"line":67,"column":67}},"30":{"start":{"line":69,"column":6},"end":{"line":69,"column":65}},"31":{"start":{"line":71,"column":4},"end":{"line":71,"column":21}},"32":{"start":{"line":75,"column":4},"end":{"line":75,"column":23}},"33":{"start":{"line":79,"column":4},"end":{"line":81,"column":5}},"34":{"start":{"line":80,"column":6},"end":{"line":80,"column":19}},"35":{"start":{"line":83,"column":18},"end":{"line":83,"column":34}},"36":{"start":{"line":84,"column":17},"end":{"line":84,"column":35}},"37":{"start":{"line":85,"column":18},"end":{"line":85,"column":40}},"38":{"start":{"line":86,"column":16},"end":{"line":86,"column":34}},"39":{"start":{"line":88,"column":17},"end":{"line":88,"column":43}},"40":{"start":{"line":89,"column":4},"end":{"line":93,"column":6}},"41":{"start":{"line":97,"column":4},"end":{"line":99,"column":5}},"42":{"start":{"line":98,"column":6},"end":{"line":98,"column":47}},"43":{"start":{"line":100,"column":4},"end":{"line":102,"column":5}},"44":{"start":{"line":101,"column":6},"end":{"line":101,"column":43}},"45":{"start":{"line":103,"column":4},"end":{"line":103,"column":16}}},"fnMap":{"0":{"name":"(anonymous_0)","decl":{"start":{"line":6,"column":2},"end":{"line":6,"column":3}},"loc":{"start":{"line":6,"column":27},"end":{"line":10,"column":3}},"line":6},"1":{"name":"(anonymous_1)","decl":{"start":{"line":12,"column":2},"end":{"line":12,"column":3}},"loc":{"start":{"line":12,"column":28},"end":{"line":17,"column":3}},"line":12},"2":{"name":"(anonymous_2)","decl":{"start":{"line":19,"column":2},"end":{"line":19,"column":3}},"loc":{"start":{"line":19,"column":31},"end":{"line":26,"column":3}},"line":19},"3":{"name":"(anonymous_3)","decl":{"start":{"line":28,"column":2},"end":{"line":28,"column":3}},"loc":{"start":{"line":28,"column":29},"end":{"line":30,"column":3}},"line":28},"4":{"name":"(anonymous_4)","decl":{"start":{"line":32,"column":2},"end":{"line":32,"column":3}},"loc":{"start":{"line":32,"column":12},"end":{"line":34,"column":3}},"line":32},"5":{"name":"(anonymous_5)","decl":{"start":{"line":36,"column":2},"end":{"line":36,"column":3}},"loc":{"start":{"line":36,"column":13},"end":{"line":38,"column":3}},"line":36},"6":{"name":"(anonymous_6)","decl":{"start":{"line":40,"column":2},"end":{"line":40,"column":3}},"loc":{"start":{"line":40,"column":18},"end":{"line":45,"column":3}},"line":40},"7":{"name":"(anonymous_7)","decl":{"start":{"line":47,"column":2},"end":{"line":47,"column":3}},"loc":{"start":{"line":47,"column":16},"end":{"line":52,"column":3}},"line":47},"8":{"name":"(anonymous_8)","decl":{"start":{"line":54,"column":2},"end":{"line":54,"column":3}},"loc":{"start":{"line":54,"column":24},"end":{"line":60,"column":3}},"line":54},"9":{"name":"(anonymous_9)","decl":{"start":{"line":62,"column":2},"end":{"line":62,"column":3}},"loc":{"start":{"line":62,"column":22},"end":{"line":72,"column":3}},"line":62},"10":{"name":"(anonymous_10)","decl":{"start":{"line":74,"column":2},"end":{"line":74,"column":3}},"loc":{"start":{"line":74,"column":13},"end":{"line":76,"column":3}},"line":74},"11":{"name":"(anonymous_11)","decl":{"start":{"line":78,"column":2},"end":{"line":78,"column":3}},"loc":{"start":{"line":78,"column":22},"end":{"line":94,"column":3}},"line":78},"12":{"name":"(anonymous_12)","decl":{"start":{"line":96,"column":2},"end":{"line":96,"column":3}},"loc":{"start":{"line":96,"column":12},"end":{"line":104,"column":3}},"line":96}},"branchMap":{"0":{"loc":{"start":{"line":13,"column":4},"end":{"line":15,"column":5}},"type":"if","locations":[{"start":{"line":13,"column":4},"end":{"line":15,"column":5}},{"start":{},"end":{}}],"line":13},"1":{"loc":{"start":{"line":13,"column":8},"end":{"line":13,"column":72}},"type":"binary-expr","locations":[{"start":{"line":13,"column":8},"end":{"line":13,"column":38}},{"start":{"line":13,"column":42},"end":{"line":13,"column":72}}],"line":13},"2":{"loc":{"start":{"line":21,"column":4},"end":{"line":25,"column":5}},"type":"if","locations":[{"start":{"line":21,"column":4},"end":{"line":25,"column":5}},{"start":{"line":23,"column":11},"end":{"line":25,"column":5}}],"line":21},"3":{"loc":{"start":{"line":41,"column":4},"end":{"line":43,"column":5}},"type":"if","locations":[{"start":{"line":41,"column":4},"end":{"line":43,"column":5}},{"start":{},"end":{}}],"line":41},"4":{"loc":{"start":{"line":48,"column":4},"end":{"line":50,"column":5}},"type":"if","locations":[{"start":{"line":48,"column":4},"end":{"line":50,"column":5}},{"start":{},"end":{}}],"line":48},"5":{"loc":{"start":{"line":48,"column":8},"end":{"line":48,"column":42}},"type":"binary-expr","locations":[{"start":{"line":48,"column":8},"end":{"line":48,"column":20}},{"start":{"line":48,"column":24},"end":{"line":48,"column":42}}],"line":48},"6":{"loc":{"start":{"line":65,"column":4},"end":{"line":70,"column":5}},"type":"if","locations":[{"start":{"line":65,"column":4},"end":{"line":70,"column":5}},{"start":{},"end":{}}],"line":65},"7":{"loc":{"start":{"line":79,"column":4},"end":{"line":81,"column":5}},"type":"if","locations":[{"start":{"line":79,"column":4},"end":{"line":81,"column":5}},{"start":{},"end":{}}],"line":79},"8":{"loc":{"start":{"line":90,"column":6},"end":{"line":92,"column":28}},"type":"binary-expr","locations":[{"start":{"line":90,"column":6},"end":{"line":90,"column":33}},{"start":{"line":91,"column":6},"end":{"line":91,"column":31}},{"start":{"line":92,"column":6},"end":{"line":92,"column":28}}],"line":90},"9":{"loc":{"start":{"line":97,"column":4},"end":{"line":99,"column":5}},"type":"if","locations":[{"start":{"line":97,"column":4},"end":{"line":99,"column":5}},{"start":{},"end":{}}],"line":97},"10":{"loc":{"start":{"line":97,"column":8},"end":{"line":97,"column":61}},"type":"binary-expr","locations":[{"start":{"line":97,"column":8},"end":{"line":97,"column":26}},{"start":{"line":97,"column":30},"end":{"line":97,"column":61}}],"line":97},"11":{"loc":{"start":{"line":100,"column":4},"end":{"line":102,"column":5}},"type":"if","locations":[{"start":{"line":100,"column":4},"end":{"line":102,"column":5}},{"start":{},"end":{}}],"line":100},"12":{"loc":{"start":{"line":100,"column":8},"end":{"line":100,"column":55}},"type":"binary-expr","locations":[{"start":{"line":100,"column":8},"end":{"line":100,"column":27}},{"start":{"line":100,"column":31},"end":{"line":100,"column":55}}],"line":100}},"s":{"0":41,"1":41,"2":41,"3":7,"4":2,"5":5,"6":2,"7":2,"8":1,"9":1,"10":4,"11":3,"12":31,"13":2,"14":1,"15":1,"16":2,"17":1,"18":1,"19":4,"20":4,"21":4,"22":6,"23":4,"24":2,"25":2,"26":2,"27":1,"28":1,"29":3,"30":1,"31":2,"32":7,"33":7,"34":1,"35":6,"36":6,"37":6,"38":6,"39":6,"40":6,"41":3,"42":1,"43":2,"44":1,"45":1},"f":{"0":41,"1":7,"2":2,"3":4,"4":3,"5":31,"6":2,"7":2,"8":4,"9":2,"10":7,"11":7,"12":3},"b":{"0":[2,5],"1":[7,6],"2":[1,1],"3":[1,1],"4":[1,1],"5":[2,1],"6":[1,1],"7":[1,6],"8":[6,5,4],"9":[1,2],"10":[3,2],"11":[1,1],"12":[2,1]},"_coverageSchema":"1a1c01bbd47fc00a2c39e90264f33305004495a9","hash":"0759124dc5b8a665cf41d248a39e048c8437f34d"}
,"C:\\Users\\betin\\OneDrive\\Escritorio\\Sapelli-Kadessian\\fuente\\dominio\\Menu.js": {"path":"C:\\Users\\betin\\OneDrive\\Escritorio\\Sapelli-Kadessian\\fuente\\dominio\\Menu.js","statementMap":{"0":{"start":{"line":17,"column":6},"end":{"line":17,"column":28}},"1":{"start":{"line":18,"column":6},"end":{"line":18,"column":38}},"2":{"start":{"line":19,"column":6},"end":{"line":19,"column":28}},"3":{"start":{"line":20,"column":6},"end":{"line":20,"column":27}},"4":{"start":{"line":21,"column":6},"end":{"line":21,"column":32}},"5":{"start":{"line":22,"column":6},"end":{"line":22,"column":28}},"6":{"start":{"line":23,"column":6},"end":{"line":23,"column":28}},"7":{"start":{"line":24,"column":6},"end":{"line":24,"column":34}},"8":{"start":{"line":25,"column":6},"end":{"line":25,"column":24}},"9":{"start":{"line":26,"column":6},"end":{"line":26,"column":42}},"10":{"start":{"line":27,"column":6},"end":{"line":27,"column":26}},"11":{"start":{"line":30,"column":6},"end":{"line":30,"column":34}},"12":{"start":{"line":33,"column":6},"end":{"line":33,"column":26}},"13":{"start":{"line":36,"column":6},"end":{"line":36,"column":31}},"14":{"start":{"line":39,"column":6},"end":{"line":39,"column":26}},"15":{"start":{"line":42,"column":6},"end":{"line":42,"column":29}},"16":{"start":{"line":45,"column":6},"end":{"line":45,"column":28}},"17":{"start":{"line":48,"column":6},"end":{"line":48,"column":26}},"18":{"start":{"line":51,"column":6},"end":{"line":51,"column":26}},"19":{"start":{"line":54,"column":6},"end":{"line":54,"column":29}},"20":{"start":{"line":57,"column":6},"end":{"line":57,"column":24}},"21":{"start":{"line":60,"column":6},"end":{"line":60,"column":33}},"22":{"start":{"line":63,"column":6},"end":{"line":63,"column":25}},"23":{"start":{"line":67,"column":6},"end":{"line":69,"column":7}},"24":{"start":{"line":68,"column":8},"end":{"line":68,"column":60}},"25":{"start":{"line":70,"column":6},"end":{"line":70,"column":28}},"26":{"start":{"line":74,"column":6},"end":{"line":76,"column":7}},"27":{"start":{"line":75,"column":8},"end":{"line":75,"column":65}},"28":{"start":{"line":77,"column":6},"end":{"line":77,"column":38}},"29":{"start":{"line":81,"column":6},"end":{"line":83,"column":7}},"30":{"start":{"line":82,"column":8},"end":{"line":82,"column":61}},"31":{"start":{"line":84,"column":6},"end":{"line":84,"column":28}},"32":{"start":{"line":88,"column":6},"end":{"line":90,"column":7}},"33":{"start":{"line":89,"column":8},"end":{"line":89,"column":65}},"34":{"start":{"line":91,"column":6},"end":{"line":91,"column":32}},"35":{"start":{"line":95,"column":6},"end":{"line":97,"column":7}},"36":{"start":{"line":96,"column":8},"end":{"line":96,"column":60}},"37":{"start":{"line":98,"column":6},"end":{"line":98,"column":28}},"38":{"start":{"line":102,"column":6},"end":{"line":104,"column":7}},"39":{"start":{"line":103,"column":8},"end":{"line":103,"column":60}},"40":{"start":{"line":105,"column":6},"end":{"line":105,"column":28}},"41":{"start":{"line":109,"column":6},"end":{"line":111,"column":7}},"42":{"start":{"line":110,"column":8},"end":{"line":110,"column":63}},"43":{"start":{"line":112,"column":6},"end":{"line":112,"column":34}},"44":{"start":{"line":116,"column":6},"end":{"line":118,"column":7}},"45":{"start":{"line":117,"column":8},"end":{"line":117,"column":64}},"46":{"start":{"line":119,"column":6},"end":{"line":119,"column":24}},"47":{"start":{"line":123,"column":6},"end":{"line":125,"column":7}},"48":{"start":{"line":124,"column":8},"end":{"line":124,"column":67}},"49":{"start":{"line":126,"column":6},"end":{"line":126,"column":42}},"50":{"start":{"line":130,"column":6},"end":{"line":132,"column":7}},"51":{"start":{"line":131,"column":8},"end":{"line":131,"column":59}},"52":{"start":{"line":133,"column":6},"end":{"line":133,"column":26}},"53":{"start":{"line":137,"column":6},"end":{"line":137,"column":26}}},"fnMap":{"0":{"name":"(anonymous_0)","decl":{"start":{"line":15,"column":2},"end":{"line":15,"column":3}},"loc":{"start":{"line":16,"column":32},"end":{"line":28,"column":5}},"line":16},"1":{"name":"(anonymous_1)","decl":{"start":{"line":29,"column":4},"end":{"line":29,"column":5}},"loc":{"start":{"line":29,"column":28},"end":{"line":31,"column":5}},"line":29},"2":{"name":"(anonymous_2)","decl":{"start":{"line":32,"column":4},"end":{"line":32,"column":5}},"loc":{"start":{"line":32,"column":16},"end":{"line":34,"column":5}},"line":32},"3":{"name":"(anonymous_3)","decl":{"start":{"line":35,"column":4},"end":{"line":35,"column":5}},"loc":{"start":{"line":35,"column":21},"end":{"line":37,"column":5}},"line":35},"4":{"name":"(anonymous_4)","decl":{"start":{"line":38,"column":4},"end":{"line":38,"column":5}},"loc":{"start":{"line":38,"column":16},"end":{"line":40,"column":5}},"line":38},"5":{"name":"(anonymous_5)","decl":{"start":{"line":41,"column":4},"end":{"line":41,"column":5}},"loc":{"start":{"line":41,"column":19},"end":{"line":43,"column":5}},"line":41},"6":{"name":"(anonymous_6)","decl":{"start":{"line":44,"column":4},"end":{"line":44,"column":5}},"loc":{"start":{"line":44,"column":18},"end":{"line":46,"column":5}},"line":44},"7":{"name":"(anonymous_7)","decl":{"start":{"line":47,"column":4},"end":{"line":47,"column":5}},"loc":{"start":{"line":47,"column":16},"end":{"line":49,"column":5}},"line":47},"8":{"name":"(anonymous_8)","decl":{"start":{"line":50,"column":4},"end":{"line":50,"column":5}},"loc":{"start":{"line":50,"column":16},"end":{"line":52,"column":5}},"line":50},"9":{"name":"(anonymous_9)","decl":{"start":{"line":53,"column":4},"end":{"line":53,"column":5}},"loc":{"start":{"line":53,"column":19},"end":{"line":55,"column":5}},"line":53},"10":{"name":"(anonymous_10)","decl":{"start":{"line":56,"column":4},"end":{"line":56,"column":5}},"loc":{"start":{"line":56,"column":14},"end":{"line":58,"column":5}},"line":56},"11":{"name":"(anonymous_11)","decl":{"start":{"line":59,"column":4},"end":{"line":59,"column":5}},"loc":{"start":{"line":59,"column":23},"end":{"line":61,"column":5}},"line":59},"12":{"name":"(anonymous_12)","decl":{"start":{"line":62,"column":4},"end":{"line":62,"column":5}},"loc":{"start":{"line":62,"column":15},"end":{"line":64,"column":5}},"line":62},"13":{"name":"(anonymous_13)","decl":{"start":{"line":66,"column":4},"end":{"line":66,"column":5}},"loc":{"start":{"line":66,"column":22},"end":{"line":71,"column":5}},"line":66},"14":{"name":"(anonymous_14)","decl":{"start":{"line":73,"column":4},"end":{"line":73,"column":5}},"loc":{"start":{"line":73,"column":32},"end":{"line":78,"column":5}},"line":73},"15":{"name":"(anonymous_15)","decl":{"start":{"line":80,"column":4},"end":{"line":80,"column":5}},"loc":{"start":{"line":80,"column":22},"end":{"line":85,"column":5}},"line":80},"16":{"name":"(anonymous_16)","decl":{"start":{"line":87,"column":4},"end":{"line":87,"column":5}},"loc":{"start":{"line":87,"column":26},"end":{"line":92,"column":5}},"line":87},"17":{"name":"(anonymous_17)","decl":{"start":{"line":94,"column":4},"end":{"line":94,"column":5}},"loc":{"start":{"line":94,"column":22},"end":{"line":99,"column":5}},"line":94},"18":{"name":"(anonymous_18)","decl":{"start":{"line":101,"column":4},"end":{"line":101,"column":5}},"loc":{"start":{"line":101,"column":22},"end":{"line":106,"column":5}},"line":101},"19":{"name":"(anonymous_19)","decl":{"start":{"line":108,"column":4},"end":{"line":108,"column":5}},"loc":{"start":{"line":108,"column":28},"end":{"line":113,"column":5}},"line":108},"20":{"name":"(anonymous_20)","decl":{"start":{"line":115,"column":4},"end":{"line":115,"column":5}},"loc":{"start":{"line":115,"column":18},"end":{"line":120,"column":5}},"line":115},"21":{"name":"(anonymous_21)","decl":{"start":{"line":122,"column":4},"end":{"line":122,"column":5}},"loc":{"start":{"line":122,"column":36},"end":{"line":127,"column":5}},"line":122},"22":{"name":"(anonymous_22)","decl":{"start":{"line":129,"column":4},"end":{"line":129,"column":5}},"loc":{"start":{"line":129,"column":20},"end":{"line":134,"column":5}},"line":129},"23":{"name":"(anonymous_23)","decl":{"start":{"line":136,"column":4},"end":{"line":136,"column":5}},"loc":{"start":{"line":136,"column":15},"end":{"line":138,"column":5}},"line":136}},"branchMap":{"0":{"loc":{"start":{"line":67,"column":6},"end":{"line":69,"column":7}},"type":"if","locations":[{"start":{"line":67,"column":6},"end":{"line":69,"column":7}},{"start":{},"end":{}}],"line":67},"1":{"loc":{"start":{"line":67,"column":10},"end":{"line":67,"column":47}},"type":"binary-expr","locations":[{"start":{"line":67,"column":10},"end":{"line":67,"column":17}},{"start":{"line":67,"column":21},"end":{"line":67,"column":47}}],"line":67},"2":{"loc":{"start":{"line":74,"column":6},"end":{"line":76,"column":7}},"type":"if","locations":[{"start":{"line":74,"column":6},"end":{"line":76,"column":7}},{"start":{},"end":{}}],"line":74},"3":{"loc":{"start":{"line":74,"column":10},"end":{"line":74,"column":57}},"type":"binary-expr","locations":[{"start":{"line":74,"column":10},"end":{"line":74,"column":22}},{"start":{"line":74,"column":26},"end":{"line":74,"column":57}}],"line":74},"4":{"loc":{"start":{"line":81,"column":6},"end":{"line":83,"column":7}},"type":"if","locations":[{"start":{"line":81,"column":6},"end":{"line":83,"column":7}},{"start":{},"end":{}}],"line":81},"5":{"loc":{"start":{"line":81,"column":10},"end":{"line":81,"column":47}},"type":"binary-expr","locations":[{"start":{"line":81,"column":10},"end":{"line":81,"column":17}},{"start":{"line":81,"column":21},"end":{"line":81,"column":47}}],"line":81},"6":{"loc":{"start":{"line":88,"column":6},"end":{"line":90,"column":7}},"type":"if","locations":[{"start":{"line":88,"column":6},"end":{"line":90,"column":7}},{"start":{},"end":{}}],"line":88},"7":{"loc":{"start":{"line":88,"column":10},"end":{"line":88,"column":67}},"type":"binary-expr","locations":[{"start":{"line":88,"column":10},"end":{"line":88,"column":19}},{"start":{"line":88,"column":23},"end":{"line":88,"column":51}},{"start":{"line":88,"column":55},"end":{"line":88,"column":67}}],"line":88},"8":{"loc":{"start":{"line":95,"column":6},"end":{"line":97,"column":7}},"type":"if","locations":[{"start":{"line":95,"column":6},"end":{"line":97,"column":7}},{"start":{},"end":{}}],"line":95},"9":{"loc":{"start":{"line":95,"column":10},"end":{"line":95,"column":50}},"type":"binary-expr","locations":[{"start":{"line":95,"column":10},"end":{"line":95,"column":36}},{"start":{"line":95,"column":40},"end":{"line":95,"column":50}}],"line":95},"10":{"loc":{"start":{"line":102,"column":6},"end":{"line":104,"column":7}},"type":"if","locations":[{"start":{"line":102,"column":6},"end":{"line":104,"column":7}},{"start":{},"end":{}}],"line":102},"11":{"loc":{"start":{"line":102,"column":10},"end":{"line":102,"column":50}},"type":"binary-expr","locations":[{"start":{"line":102,"column":10},"end":{"line":102,"column":36}},{"start":{"line":102,"column":40},"end":{"line":102,"column":50}}],"line":102},"12":{"loc":{"start":{"line":109,"column":6},"end":{"line":111,"column":7}},"type":"if","locations":[{"start":{"line":109,"column":6},"end":{"line":111,"column":7}},{"start":{},"end":{}}],"line":109},"13":{"loc":{"start":{"line":109,"column":10},"end":{"line":109,"column":56}},"type":"binary-expr","locations":[{"start":{"line":109,"column":10},"end":{"line":109,"column":39}},{"start":{"line":109,"column":43},"end":{"line":109,"column":56}}],"line":109},"14":{"loc":{"start":{"line":116,"column":6},"end":{"line":118,"column":7}},"type":"if","locations":[{"start":{"line":116,"column":6},"end":{"line":118,"column":7}},{"start":{},"end":{}}],"line":116},"15":{"loc":{"start":{"line":116,"column":10},"end":{"line":116,"column":46}},"type":"binary-expr","locations":[{"start":{"line":116,"column":10},"end":{"line":116,"column":34}},{"start":{"line":116,"column":38},"end":{"line":116,"column":46}}],"line":116},"16":{"loc":{"start":{"line":123,"column":6},"end":{"line":125,"column":7}},"type":"if","locations":[{"start":{"line":123,"column":6},"end":{"line":125,"column":7}},{"start":{},"end":{}}],"line":123},"17":{"loc":{"start":{"line":123,"column":10},"end":{"line":123,"column":64}},"type":"binary-expr","locations":[{"start":{"line":123,"column":10},"end":{"line":123,"column":43}},{"start":{"line":123,"column":47},"end":{"line":123,"column":64}}],"line":123},"18":{"loc":{"start":{"line":130,"column":6},"end":{"line":132,"column":7}},"type":"if","locations":[{"start":{"line":130,"column":6},"end":{"line":132,"column":7}},{"start":{},"end":{}}],"line":130},"19":{"loc":{"start":{"line":130,"column":10},"end":{"line":130,"column":48}},"type":"binary-expr","locations":[{"start":{"line":130,"column":10},"end":{"line":130,"column":35}},{"start":{"line":130,"column":39},"end":{"line":130,"column":48}}],"line":130}},"s":{"0":72,"1":72,"2":72,"3":72,"4":72,"5":72,"6":72,"7":72,"8":72,"9":72,"10":72,"11":1,"12":5,"13":2,"14":2,"15":1,"16":2,"17":2,"18":2,"19":2,"20":2,"21":2,"22":2,"23":2,"24":1,"25":1,"26":2,"27":1,"28":1,"29":2,"30":1,"31":1,"32":2,"33":1,"34":1,"35":2,"36":1,"37":1,"38":2,"39":1,"40":1,"41":2,"42":1,"43":1,"44":2,"45":1,"46":1,"47":2,"48":1,"49":1,"50":2,"51":1,"52":1,"53":1},"f":{"0":72,"1":1,"2":5,"3":2,"4":2,"5":1,"6":2,"7":2,"8":2,"9":2,"10":2,"11":2,"12":2,"13":2,"14":2,"15":2,"16":2,"17":2,"18":2,"19":2,"20":2,"21":2,"22":2,"23":1},"b":{"0":[1,1],"1":[2,1],"2":[1,1],"3":[2,1],"4":[1,1],"5":[2,1],"6":[1,1],"7":[2,1,1],"8":[1,1],"9":[2,1],"10":[1,1],"11":[2,1],"12":[1,1],"13":[2,1],"14":[1,1],"15":[2,1],"16":[1,1],"17":[2,1],"18":[1,1],"19":[2,1]},"_coverageSchema":"1a1c01bbd47fc00a2c39e90264f33305004495a9","hash":"092bfb21d4723eb8a513ee92a5aa77cf6688b449"}
,"C:\\Users\\betin\\OneDrive\\Escritorio\\Sapelli-Kadessian\\fuente\\dominio\\Padre.js": {"path":"C:\\Users\\betin\\OneDrive\\Escritorio\\Sapelli-Kadessian\\fuente\\dominio\\Padre.js","statementMap":{"0":{"start":{"line":15,"column":4},"end":{"line":15,"column":26}},"1":{"start":{"line":16,"column":4},"end":{"line":16,"column":18}},"2":{"start":{"line":17,"column":4},"end":{"line":17,"column":28}},"3":{"start":{"line":18,"column":4},"end":{"line":18,"column":33}},"4":{"start":{"line":26,"column":4},"end":{"line":28,"column":5}},"5":{"start":{"line":27,"column":6},"end":{"line":27,"column":58}},"6":{"start":{"line":29,"column":4},"end":{"line":29,"column":38}},"7":{"start":{"line":37,"column":17},"end":{"line":37,"column":19}},"8":{"start":{"line":38,"column":4},"end":{"line":42,"column":5}},"9":{"start":{"line":38,"column":17},"end":{"line":38,"column":18}},"10":{"start":{"line":39,"column":6},"end":{"line":41,"column":7}},"11":{"start":{"line":40,"column":8},"end":{"line":40,"column":19}},"12":{"start":{"line":43,"column":4},"end":{"line":45,"column":5}},"13":{"start":{"line":44,"column":6},"end":{"line":44,"column":48}},"14":{"start":{"line":53,"column":4},"end":{"line":53,"column":24}},"15":{"start":{"line":61,"column":4},"end":{"line":61,"column":20}},"16":{"start":{"line":69,"column":4},"end":{"line":69,"column":25}},"17":{"start":{"line":78,"column":16},"end":{"line":82,"column":6}},"18":{"start":{"line":79,"column":21},"end":{"line":79,"column":43}},"19":{"start":{"line":80,"column":21},"end":{"line":80,"column":43}},"20":{"start":{"line":81,"column":6},"end":{"line":81,"column":29}},"21":{"start":{"line":83,"column":4},"end":{"line":83,"column":17}},"22":{"start":{"line":91,"column":4},"end":{"line":93,"column":5}},"23":{"start":{"line":92,"column":6},"end":{"line":92,"column":64}},"24":{"start":{"line":94,"column":4},"end":{"line":94,"column":26}},"25":{"start":{"line":102,"column":4},"end":{"line":104,"column":5}},"26":{"start":{"line":103,"column":6},"end":{"line":103,"column":64}},"27":{"start":{"line":105,"column":4},"end":{"line":105,"column":18}},"28":{"start":{"line":113,"column":4},"end":{"line":115,"column":5}},"29":{"start":{"line":114,"column":6},"end":{"line":114,"column":73}},"30":{"start":{"line":116,"column":4},"end":{"line":116,"column":28}},"31":{"start":{"line":125,"column":18},"end":{"line":125,"column":23}},"32":{"start":{"line":126,"column":4},"end":{"line":130,"column":5}},"33":{"start":{"line":126,"column":17},"end":{"line":126,"column":18}},"34":{"start":{"line":127,"column":6},"end":{"line":129,"column":7}},"35":{"start":{"line":128,"column":8},"end":{"line":128,"column":23}},"36":{"start":{"line":131,"column":4},"end":{"line":131,"column":19}},"37":{"start":{"line":139,"column":4},"end":{"line":141,"column":5}},"38":{"start":{"line":140,"column":6},"end":{"line":140,"column":58}},"39":{"start":{"line":142,"column":4},"end":{"line":142,"column":20}},"40":{"start":{"line":143,"column":4},"end":{"line":143,"column":30}},"41":{"start":{"line":151,"column":4},"end":{"line":153,"column":5}},"42":{"start":{"line":152,"column":6},"end":{"line":152,"column":54}},"43":{"start":{"line":154,"column":4},"end":{"line":154,"column":33}},"44":{"start":{"line":162,"column":4},"end":{"line":162,"column":55}},"45":{"start":{"line":170,"column":4},"end":{"line":172,"column":5}},"46":{"start":{"line":171,"column":6},"end":{"line":171,"column":64}},"47":{"start":{"line":173,"column":4},"end":{"line":175,"column":5}},"48":{"start":{"line":174,"column":6},"end":{"line":174,"column":75}},"49":{"start":{"line":176,"column":4},"end":{"line":178,"column":5}},"50":{"start":{"line":177,"column":6},"end":{"line":177,"column":71}},"51":{"start":{"line":179,"column":4},"end":{"line":179,"column":16}}},"fnMap":{"0":{"name":"(anonymous_0)","decl":{"start":{"line":14,"column":2},"end":{"line":14,"column":3}},"loc":{"start":{"line":14,"column":35},"end":{"line":19,"column":3}},"line":14},"1":{"name":"(anonymous_1)","decl":{"start":{"line":25,"column":2},"end":{"line":25,"column":3}},"loc":{"start":{"line":25,"column":23},"end":{"line":30,"column":3}},"line":25},"2":{"name":"(anonymous_2)","decl":{"start":{"line":36,"column":2},"end":{"line":36,"column":3}},"loc":{"start":{"line":36,"column":26},"end":{"line":46,"column":3}},"line":36},"3":{"name":"(anonymous_3)","decl":{"start":{"line":52,"column":2},"end":{"line":52,"column":3}},"loc":{"start":{"line":52,"column":14},"end":{"line":54,"column":3}},"line":52},"4":{"name":"(anonymous_4)","decl":{"start":{"line":60,"column":2},"end":{"line":60,"column":3}},"loc":{"start":{"line":60,"column":10},"end":{"line":62,"column":3}},"line":60},"5":{"name":"(anonymous_5)","decl":{"start":{"line":68,"column":2},"end":{"line":68,"column":3}},"loc":{"start":{"line":68,"column":15},"end":{"line":70,"column":3}},"line":68},"6":{"name":"(anonymous_6)","decl":{"start":{"line":76,"column":2},"end":{"line":76,"column":3}},"loc":{"start":{"line":76,"column":25},"end":{"line":84,"column":3}},"line":76},"7":{"name":"(anonymous_7)","decl":{"start":{"line":78,"column":45},"end":{"line":78,"column":46}},"loc":{"start":{"line":78,"column":55},"end":{"line":82,"column":5}},"line":78},"8":{"name":"(anonymous_8)","decl":{"start":{"line":90,"column":2},"end":{"line":90,"column":3}},"loc":{"start":{"line":90,"column":20},"end":{"line":95,"column":3}},"line":90},"9":{"name":"(anonymous_9)","decl":{"start":{"line":101,"column":2},"end":{"line":101,"column":3}},"loc":{"start":{"line":101,"column":12},"end":{"line":106,"column":3}},"line":101},"10":{"name":"(anonymous_10)","decl":{"start":{"line":112,"column":2},"end":{"line":112,"column":3}},"loc":{"start":{"line":112,"column":22},"end":{"line":117,"column":3}},"line":112},"11":{"name":"(anonymous_11)","decl":{"start":{"line":124,"column":2},"end":{"line":124,"column":3}},"loc":{"start":{"line":124,"column":33},"end":{"line":132,"column":3}},"line":124},"12":{"name":"(anonymous_12)","decl":{"start":{"line":138,"column":2},"end":{"line":138,"column":3}},"loc":{"start":{"line":138,"column":22},"end":{"line":144,"column":3}},"line":138},"13":{"name":"(anonymous_13)","decl":{"start":{"line":150,"column":2},"end":{"line":150,"column":3}},"loc":{"start":{"line":150,"column":30},"end":{"line":155,"column":3}},"line":150},"14":{"name":"(anonymous_14)","decl":{"start":{"line":161,"column":2},"end":{"line":161,"column":3}},"loc":{"start":{"line":161,"column":13},"end":{"line":163,"column":3}},"line":161},"15":{"name":"(anonymous_15)","decl":{"start":{"line":169,"column":2},"end":{"line":169,"column":3}},"loc":{"start":{"line":169,"column":12},"end":{"line":180,"column":3}},"line":169}},"branchMap":{"0":{"loc":{"start":{"line":26,"column":4},"end":{"line":28,"column":5}},"type":"if","locations":[{"start":{"line":26,"column":4},"end":{"line":28,"column":5}},{"start":{},"end":{}}],"line":26},"1":{"loc":{"start":{"line":26,"column":8},"end":{"line":26,"column":80}},"type":"binary-expr","locations":[{"start":{"line":26,"column":8},"end":{"line":26,"column":25}},{"start":{"line":26,"column":29},"end":{"line":26,"column":41}},{"start":{"line":26,"column":45},"end":{"line":26,"column":80}}],"line":26},"2":{"loc":{"start":{"line":39,"column":6},"end":{"line":41,"column":7}},"type":"if","locations":[{"start":{"line":39,"column":6},"end":{"line":41,"column":7}},{"start":{},"end":{}}],"line":39},"3":{"loc":{"start":{"line":43,"column":4},"end":{"line":45,"column":5}},"type":"if","locations":[{"start":{"line":43,"column":4},"end":{"line":45,"column":5}},{"start":{},"end":{}}],"line":43},"4":{"loc":{"start":{"line":91,"column":4},"end":{"line":93,"column":5}},"type":"if","locations":[{"start":{"line":91,"column":4},"end":{"line":93,"column":5}},{"start":{},"end":{}}],"line":91},"5":{"loc":{"start":{"line":91,"column":8},"end":{"line":91,"column":64}},"type":"binary-expr","locations":[{"start":{"line":91,"column":8},"end":{"line":91,"column":28}},{"start":{"line":91,"column":32},"end":{"line":91,"column":47}},{"start":{"line":91,"column":51},"end":{"line":91,"column":64}}],"line":91},"6":{"loc":{"start":{"line":102,"column":4},"end":{"line":104,"column":5}},"type":"if","locations":[{"start":{"line":102,"column":4},"end":{"line":104,"column":5}},{"start":{},"end":{}}],"line":102},"7":{"loc":{"start":{"line":102,"column":8},"end":{"line":102,"column":62}},"type":"binary-expr","locations":[{"start":{"line":102,"column":8},"end":{"line":102,"column":24}},{"start":{"line":102,"column":28},"end":{"line":102,"column":39}},{"start":{"line":102,"column":43},"end":{"line":102,"column":52}},{"start":{"line":102,"column":56},"end":{"line":102,"column":62}}],"line":102},"8":{"loc":{"start":{"line":113,"column":4},"end":{"line":115,"column":5}},"type":"if","locations":[{"start":{"line":113,"column":4},"end":{"line":115,"column":5}},{"start":{},"end":{}}],"line":113},"9":{"loc":{"start":{"line":113,"column":8},"end":{"line":113,"column":64}},"type":"binary-expr","locations":[{"start":{"line":113,"column":8},"end":{"line":113,"column":29}},{"start":{"line":113,"column":33},"end":{"line":113,"column":49}},{"start":{"line":113,"column":53},"end":{"line":113,"column":64}}],"line":113},"10":{"loc":{"start":{"line":127,"column":6},"end":{"line":129,"column":7}},"type":"if","locations":[{"start":{"line":127,"column":6},"end":{"line":129,"column":7}},{"start":{},"end":{}}],"line":127},"11":{"loc":{"start":{"line":139,"column":4},"end":{"line":141,"column":5}},"type":"if","locations":[{"start":{"line":139,"column":4},"end":{"line":141,"column":5}},{"start":{},"end":{}}],"line":139},"12":{"loc":{"start":{"line":139,"column":8},"end":{"line":139,"column":80}},"type":"binary-expr","locations":[{"start":{"line":139,"column":8},"end":{"line":139,"column":25}},{"start":{"line":139,"column":29},"end":{"line":139,"column":41}},{"start":{"line":139,"column":45},"end":{"line":139,"column":80}}],"line":139},"13":{"loc":{"start":{"line":151,"column":4},"end":{"line":153,"column":5}},"type":"if","locations":[{"start":{"line":151,"column":4},"end":{"line":153,"column":5}},{"start":{},"end":{}}],"line":151},"14":{"loc":{"start":{"line":151,"column":8},"end":{"line":151,"column":76}},"type":"binary-expr","locations":[{"start":{"line":151,"column":8},"end":{"line":151,"column":33}},{"start":{"line":151,"column":37},"end":{"line":151,"column":57}},{"start":{"line":151,"column":61},"end":{"line":151,"column":76}}],"line":151},"15":{"loc":{"start":{"line":170,"column":4},"end":{"line":172,"column":5}},"type":"if","locations":[{"start":{"line":170,"column":4},"end":{"line":172,"column":5}},{"start":{},"end":{}}],"line":170},"16":{"loc":{"start":{"line":170,"column":8},"end":{"line":170,"column":82}},"type":"binary-expr","locations":[{"start":{"line":170,"column":8},"end":{"line":170,"column":34}},{"start":{"line":170,"column":38},"end":{"line":170,"column":59}},{"start":{"line":170,"column":63},"end":{"line":170,"column":82}}],"line":170},"17":{"loc":{"start":{"line":173,"column":4},"end":{"line":175,"column":5}},"type":"if","locations":[{"start":{"line":173,"column":4},"end":{"line":175,"column":5}},{"start":{},"end":{}}],"line":173},"18":{"loc":{"start":{"line":173,"column":8},"end":{"line":173,"column":86}},"type":"binary-expr","locations":[{"start":{"line":173,"column":8},"end":{"line":173,"column":30}},{"start":{"line":173,"column":34},"end":{"line":173,"column":51}},{"start":{"line":173,"column":55},"end":{"line":173,"column":70}},{"start":{"line":173,"column":74},"end":{"line":173,"column":86}}],"line":173},"19":{"loc":{"start":{"line":176,"column":4},"end":{"line":178,"column":5}},"type":"if","locations":[{"start":{"line":176,"column":4},"end":{"line":178,"column":5}},{"start":{},"end":{}}],"line":176},"20":{"loc":{"start":{"line":176,"column":8},"end":{"line":176,"column":82}},"type":"binary-expr","locations":[{"start":{"line":176,"column":8},"end":{"line":176,"column":35}},{"start":{"line":176,"column":39},"end":{"line":176,"column":61}},{"start":{"line":176,"column":65},"end":{"line":176,"column":82}}],"line":176}},"s":{"0":71,"1":71,"2":71,"3":71,"4":13,"5":3,"6":10,"7":2,"8":2,"9":2,"10":2,"11":1,"12":2,"13":1,"14":3,"15":2,"16":3,"17":5,"18":2,"19":2,"20":2,"21":5,"22":4,"23":3,"24":1,"25":5,"26":4,"27":1,"28":4,"29":3,"30":1,"31":17,"32":17,"33":17,"34":9,"35":3,"36":17,"37":7,"38":3,"39":4,"40":4,"41":2,"42":1,"43":1,"44":1,"45":6,"46":2,"47":4,"48":2,"49":2,"50":1,"51":1},"f":{"0":71,"1":13,"2":2,"3":3,"4":2,"5":3,"6":5,"7":2,"8":4,"9":5,"10":4,"11":17,"12":7,"13":2,"14":1,"15":6},"b":{"0":[3,10],"1":[13,12,11],"2":[1,1],"3":[1,1],"4":[3,1],"5":[4,4,4],"6":[4,1],"7":[5,5,5,3],"8":[3,1],"9":[4,4,4],"10":[3,6],"11":[3,4],"12":[7,6,5],"13":[1,1],"14":[2,2,2],"15":[2,4],"16":[6,6,6],"17":[2,2],"18":[4,4,4,4],"19":[1,1],"20":[2,2,2]},"_coverageSchema":"1a1c01bbd47fc00a2c39e90264f33305004495a9","hash":"f09571cc18fc5dfb15d70545fad0c5e0fe1a2122"}
,"C:\\Users\\betin\\OneDrive\\Escritorio\\Sapelli-Kadessian\\fuente\\dominio\\Sistema.js": {"path":"C:\\Users\\betin\\OneDrive\\Escritorio\\Sapelli-Kadessian\\fuente\\dominio\\Sistema.js","statementMap":{"0":{"start":{"line":8,"column":4},"end":{"line":8,"column":26}},"1":{"start":{"line":9,"column":4},"end":{"line":9,"column":25}},"2":{"start":{"line":10,"column":4},"end":{"line":10,"column":27}},"3":{"start":{"line":15,"column":4},"end":{"line":15,"column":30}},"4":{"start":{"line":18,"column":4},"end":{"line":18,"column":34}},"5":{"start":{"line":21,"column":4},"end":{"line":21,"column":32}},"6":{"start":{"line":24,"column":18},"end":{"line":24,"column":48}},"7":{"start":{"line":25,"column":4},"end":{"line":29,"column":5}},"8":{"start":{"line":26,"column":6},"end":{"line":26,"column":40}},"9":{"start":{"line":28,"column":6},"end":{"line":28,"column":69}},"10":{"start":{"line":33,"column":18},"end":{"line":33,"column":46}},"11":{"start":{"line":34,"column":4},"end":{"line":38,"column":5}},"12":{"start":{"line":35,"column":6},"end":{"line":35,"column":39}},"13":{"start":{"line":37,"column":6},"end":{"line":37,"column":68}},"14":{"start":{"line":41,"column":18},"end":{"line":41,"column":50}},"15":{"start":{"line":42,"column":4},"end":{"line":46,"column":5}},"16":{"start":{"line":43,"column":6},"end":{"line":43,"column":41}},"17":{"start":{"line":45,"column":6},"end":{"line":45,"column":70}},"18":{"start":{"line":49,"column":4},"end":{"line":49,"column":28}},"19":{"start":{"line":52,"column":4},"end":{"line":52,"column":29}},"20":{"start":{"line":55,"column":4},"end":{"line":55,"column":27}},"21":{"start":{"line":58,"column":18},"end":{"line":58,"column":22}},"22":{"start":{"line":59,"column":4},"end":{"line":64,"column":5}},"23":{"start":{"line":59,"column":17},"end":{"line":59,"column":18}},"24":{"start":{"line":60,"column":6},"end":{"line":63,"column":7}},"25":{"start":{"line":61,"column":8},"end":{"line":61,"column":38}},"26":{"start":{"line":62,"column":8},"end":{"line":62,"column":14}},"27":{"start":{"line":65,"column":4},"end":{"line":65,"column":19}},"28":{"start":{"line":70,"column":18},"end":{"line":70,"column":22}},"29":{"start":{"line":71,"column":4},"end":{"line":76,"column":5}},"30":{"start":{"line":71,"column":17},"end":{"line":71,"column":18}},"31":{"start":{"line":72,"column":6},"end":{"line":75,"column":7}},"32":{"start":{"line":73,"column":8},"end":{"line":73,"column":37}},"33":{"start":{"line":74,"column":8},"end":{"line":74,"column":14}},"34":{"start":{"line":77,"column":4},"end":{"line":77,"column":19}},"35":{"start":{"line":80,"column":4},"end":{"line":80,"column":43}},"36":{"start":{"line":83,"column":4},"end":{"line":83,"column":41}},"37":{"start":{"line":86,"column":4},"end":{"line":86,"column":45}},"38":{"start":{"line":89,"column":4},"end":{"line":89,"column":32}}},"fnMap":{"0":{"name":"(anonymous_0)","decl":{"start":{"line":7,"column":2},"end":{"line":7,"column":3}},"loc":{"start":{"line":7,"column":16},"end":{"line":12,"column":3}},"line":7},"1":{"name":"(anonymous_1)","decl":{"start":{"line":14,"column":2},"end":{"line":14,"column":3}},"loc":{"start":{"line":14,"column":14},"end":{"line":16,"column":3}},"line":14},"2":{"name":"(anonymous_2)","decl":{"start":{"line":17,"column":2},"end":{"line":17,"column":3}},"loc":{"start":{"line":17,"column":18},"end":{"line":19,"column":3}},"line":17},"3":{"name":"(anonymous_3)","decl":{"start":{"line":20,"column":2},"end":{"line":20,"column":3}},"loc":{"start":{"line":20,"column":16},"end":{"line":22,"column":3}},"line":20},"4":{"name":"(anonymous_4)","decl":{"start":{"line":23,"column":2},"end":{"line":23,"column":3}},"loc":{"start":{"line":23,"column":19},"end":{"line":30,"column":3}},"line":23},"5":{"name":"(anonymous_5)","decl":{"start":{"line":32,"column":2},"end":{"line":32,"column":3}},"loc":{"start":{"line":32,"column":17},"end":{"line":39,"column":3}},"line":32},"6":{"name":"(anonymous_6)","decl":{"start":{"line":40,"column":2},"end":{"line":40,"column":3}},"loc":{"start":{"line":40,"column":21},"end":{"line":47,"column":3}},"line":40},"7":{"name":"(anonymous_7)","decl":{"start":{"line":48,"column":2},"end":{"line":48,"column":3}},"loc":{"start":{"line":48,"column":18},"end":{"line":50,"column":3}},"line":48},"8":{"name":"(anonymous_8)","decl":{"start":{"line":51,"column":2},"end":{"line":51,"column":3}},"loc":{"start":{"line":51,"column":19},"end":{"line":53,"column":3}},"line":51},"9":{"name":"(anonymous_9)","decl":{"start":{"line":54,"column":2},"end":{"line":54,"column":3}},"loc":{"start":{"line":54,"column":17},"end":{"line":56,"column":3}},"line":54},"10":{"name":"(anonymous_10)","decl":{"start":{"line":57,"column":2},"end":{"line":57,"column":3}},"loc":{"start":{"line":57,"column":21},"end":{"line":66,"column":3}},"line":57},"11":{"name":"(anonymous_11)","decl":{"start":{"line":69,"column":2},"end":{"line":69,"column":3}},"loc":{"start":{"line":69,"column":20},"end":{"line":78,"column":3}},"line":69},"12":{"name":"(anonymous_12)","decl":{"start":{"line":79,"column":2},"end":{"line":79,"column":3}},"loc":{"start":{"line":79,"column":21},"end":{"line":81,"column":3}},"line":79},"13":{"name":"(anonymous_13)","decl":{"start":{"line":82,"column":2},"end":{"line":82,"column":3}},"loc":{"start":{"line":82,"column":19},"end":{"line":84,"column":3}},"line":82},"14":{"name":"(anonymous_14)","decl":{"start":{"line":85,"column":2},"end":{"line":85,"column":3}},"loc":{"start":{"line":85,"column":23},"end":{"line":87,"column":3}},"line":85},"15":{"name":"(anonymous_15)","decl":{"start":{"line":88,"column":2},"end":{"line":88,"column":3}},"loc":{"start":{"line":88,"column":12},"end":{"line":90,"column":3}},"line":88}},"branchMap":{"0":{"loc":{"start":{"line":25,"column":4},"end":{"line":29,"column":5}},"type":"if","locations":[{"start":{"line":25,"column":4},"end":{"line":29,"column":5}},{"start":{"line":27,"column":11},"end":{"line":29,"column":5}}],"line":25},"1":{"loc":{"start":{"line":34,"column":4},"end":{"line":38,"column":5}},"type":"if","locations":[{"start":{"line":34,"column":4},"end":{"line":38,"column":5}},{"start":{"line":36,"column":11},"end":{"line":38,"column":5}}],"line":34},"2":{"loc":{"start":{"line":42,"column":4},"end":{"line":46,"column":5}},"type":"if","locations":[{"start":{"line":42,"column":4},"end":{"line":46,"column":5}},{"start":{"line":44,"column":11},"end":{"line":46,"column":5}}],"line":42},"3":{"loc":{"start":{"line":60,"column":6},"end":{"line":63,"column":7}},"type":"if","locations":[{"start":{"line":60,"column":6},"end":{"line":63,"column":7}},{"start":{},"end":{}}],"line":60},"4":{"loc":{"start":{"line":72,"column":6},"end":{"line":75,"column":7}},"type":"if","locations":[{"start":{"line":72,"column":6},"end":{"line":75,"column":7}},{"start":{},"end":{}}],"line":72}},"s":{"0":15,"1":15,"2":15,"3":5,"4":3,"5":5,"6":2,"7":2,"8":1,"9":1,"10":2,"11":2,"12":1,"13":1,"14":2,"15":2,"16":1,"17":1,"18":2,"19":2,"20":2,"21":2,"22":2,"23":2,"24":3,"25":2,"26":2,"27":2,"28":1,"29":1,"30":1,"31":2,"32":1,"33":1,"34":1,"35":1,"36":1,"37":1,"38":1},"f":{"0":15,"1":5,"2":3,"3":5,"4":2,"5":2,"6":2,"7":2,"8":2,"9":2,"10":2,"11":1,"12":1,"13":1,"14":1,"15":1},"b":{"0":[1,1],"1":[1,1],"2":[1,1],"3":[2,1],"4":[1,1]},"_coverageSchema":"1a1c01bbd47fc00a2c39e90264f33305004495a9","hash":"f208411c159302ea96075fd6a8b7e9c0189acecd"}
}
