{"C:\\Users\\betin\\OneDrive\\Escritorio\\Sapelli-Kadessian\\fuente\\dominio\\Comentario.js": {"path":"C:\\Users\\betin\\OneDrive\\Escritorio\\Sapelli-Kadessian\\fuente\\dominio\\Comentario.js","statementMap":{"0":{"start":{"line":16,"column":4},"end":{"line":16,"column":24}},"1":{"start":{"line":17,"column":4},"end":{"line":17,"column":28}},"2":{"start":{"line":18,"column":4},"end":{"line":18,"column":32}},"3":{"start":{"line":26,"column":4},"end":{"line":26,"column":23}},"4":{"start":{"line":34,"column":4},"end":{"line":34,"column":25}},"5":{"start":{"line":42,"column":4},"end":{"line":42,"column":27}},"6":{"start":{"line":50,"column":4},"end":{"line":52,"column":5}},"7":{"start":{"line":51,"column":6},"end":{"line":51,"column":48}},"8":{"start":{"line":53,"column":4},"end":{"line":53,"column":24}},"9":{"start":{"line":61,"column":4},"end":{"line":63,"column":5}},"10":{"start":{"line":62,"column":6},"end":{"line":62,"column":50}},"11":{"start":{"line":64,"column":4},"end":{"line":64,"column":28}},"12":{"start":{"line":72,"column":4},"end":{"line":75,"column":5}},"13":{"start":{"line":73,"column":20},"end":{"line":73,"column":85}},"14":{"start":{"line":74,"column":6},"end":{"line":74,"column":31}},"15":{"start":{"line":76,"column":4},"end":{"line":76,"column":32}},"16":{"start":{"line":84,"column":4},"end":{"line":84,"column":25}}},"fnMap":{"0":{"name":"(anonymous_0)","decl":{"start":{"line":15,"column":2},"end":{"line":15,"column":3}},"loc":{"start":{"line":15,"column":41},"end":{"line":19,"column":3}},"line":15},"1":{"name":"(anonymous_1)","decl":{"start":{"line":25,"column":2},"end":{"line":25,"column":3}},"loc":{"start":{"line":25,"column":13},"end":{"line":27,"column":3}},"line":25},"2":{"name":"(anonymous_2)","decl":{"start":{"line":33,"column":2},"end":{"line":33,"column":3}},"loc":{"start":{"line":33,"column":15},"end":{"line":35,"column":3}},"line":33},"3":{"name":"(anonymous_3)","decl":{"start":{"line":41,"column":2},"end":{"line":41,"column":3}},"loc":{"start":{"line":41,"column":17},"end":{"line":43,"column":3}},"line":41},"4":{"name":"(anonymous_4)","decl":{"start":{"line":49,"column":2},"end":{"line":49,"column":3}},"loc":{"start":{"line":49,"column":18},"end":{"line":54,"column":3}},"line":49},"5":{"name":"(anonymous_5)","decl":{"start":{"line":60,"column":2},"end":{"line":60,"column":3}},"loc":{"start":{"line":60,"column":22},"end":{"line":65,"column":3}},"line":60},"6":{"name":"(anonymous_6)","decl":{"start":{"line":71,"column":2},"end":{"line":71,"column":3}},"loc":{"start":{"line":71,"column":26},"end":{"line":77,"column":3}},"line":71},"7":{"name":"(anonymous_7)","decl":{"start":{"line":83,"column":2},"end":{"line":83,"column":3}},"loc":{"start":{"line":83,"column":13},"end":{"line":85,"column":3}},"line":83}},"branchMap":{"0":{"loc":{"start":{"line":50,"column":4},"end":{"line":52,"column":5}},"type":"if","locations":[{"start":{"line":50,"column":4},"end":{"line":52,"column":5}},{"start":{},"end":{}}],"line":50},"1":{"loc":{"start":{"line":61,"column":4},"end":{"line":63,"column":5}},"type":"if","locations":[{"start":{"line":61,"column":4},"end":{"line":63,"column":5}},{"start":{},"end":{}}],"line":61},"2":{"loc":{"start":{"line":72,"column":4},"end":{"line":75,"column":5}},"type":"if","locations":[{"start":{"line":72,"column":4},"end":{"line":75,"column":5}},{"start":{},"end":{}}],"line":72},"3":{"loc":{"start":{"line":72,"column":8},"end":{"line":72,"column":38}},"type":"binary-expr","locations":[{"start":{"line":72,"column":8},"end":{"line":72,"column":21}},{"start":{"line":72,"column":25},"end":{"line":72,"column":38}}],"line":72}},"s":{"0":18,"1":18,"2":18,"3":8,"4":9,"5":5,"6":2,"7":1,"8":1,"9":2,"10":1,"11":1,"12":2,"13":1,"14":1,"15":1,"16":1},"f":{"0":18,"1":8,"2":9,"3":5,"4":2,"5":2,"6":2,"7":1},"b":{"0":[1,1],"1":[1,1],"2":[1,1],"3":[2,2]},"_coverageSchema":"1a1c01bbd47fc00a2c39e90264f33305004495a9","hash":"7d62981346e014be1306b22f95ed29f73f12a3c9"}
,"C:\\Users\\betin\\OneDrive\\Escritorio\\Sapelli-Kadessian\\fuente\\dominio\\Dia.js": {"path":"C:\\Users\\betin\\OneDrive\\Escritorio\\Sapelli-Kadessian\\fuente\\dominio\\Dia.js","statementMap":{"0":{"start":{"line":15,"column":4},"end":{"line":15,"column":24}},"1":{"start":{"line":16,"column":4},"end":{"line":16,"column":22}},"2":{"start":{"line":17,"column":4},"end":{"line":17,"column":32}},"3":{"start":{"line":25,"column":4},"end":{"line":27,"column":5}},"4":{"start":{"line":26,"column":6},"end":{"line":26,"column":60}},"5":{"start":{"line":28,"column":4},"end":{"line":28,"column":44}},"6":{"start":{"line":36,"column":18},"end":{"line":36,"column":60}},"7":{"start":{"line":37,"column":4},"end":{"line":41,"column":5}},"8":{"start":{"line":38,"column":6},"end":{"line":38,"column":46}},"9":{"start":{"line":40,"column":6},"end":{"line":40,"column":76}},"10":{"start":{"line":49,"column":4},"end":{"line":49,"column":34}},"11":{"start":{"line":57,"column":4},"end":{"line":57,"column":22}},"12":{"start":{"line":65,"column":4},"end":{"line":65,"column":23}},"13":{"start":{"line":73,"column":4},"end":{"line":75,"column":5}},"14":{"start":{"line":74,"column":6},"end":{"line":74,"column":61}},"15":{"start":{"line":76,"column":4},"end":{"line":76,"column":24}},"16":{"start":{"line":84,"column":4},"end":{"line":86,"column":5}},"17":{"start":{"line":85,"column":6},"end":{"line":85,"column":60}},"18":{"start":{"line":87,"column":4},"end":{"line":87,"column":22}},"19":{"start":{"line":95,"column":15},"end":{"line":95,"column":16}},"20":{"start":{"line":96,"column":4},"end":{"line":98,"column":5}},"21":{"start":{"line":96,"column":17},"end":{"line":96,"column":18}},"22":{"start":{"line":97,"column":6},"end":{"line":97,"column":13}},"23":{"start":{"line":99,"column":4},"end":{"line":99,"column":16}},"24":{"start":{"line":107,"column":20},"end":{"line":107,"column":21}},"25":{"start":{"line":108,"column":15},"end":{"line":108,"column":16}},"26":{"start":{"line":109,"column":4},"end":{"line":114,"column":5}},"27":{"start":{"line":110,"column":6},"end":{"line":112,"column":7}},"28":{"start":{"line":110,"column":19},"end":{"line":110,"column":20}},"29":{"start":{"line":111,"column":8},"end":{"line":111,"column":67}},"30":{"start":{"line":113,"column":6},"end":{"line":113,"column":65}},"31":{"start":{"line":115,"column":4},"end":{"line":115,"column":21}},"32":{"start":{"line":123,"column":4},"end":{"line":123,"column":23}},"33":{"start":{"line":132,"column":4},"end":{"line":134,"column":5}},"34":{"start":{"line":133,"column":6},"end":{"line":133,"column":19}},"35":{"start":{"line":136,"column":18},"end":{"line":136,"column":34}},"36":{"start":{"line":137,"column":17},"end":{"line":137,"column":35}},"37":{"start":{"line":138,"column":18},"end":{"line":138,"column":40}},"38":{"start":{"line":139,"column":16},"end":{"line":139,"column":34}},"39":{"start":{"line":141,"column":17},"end":{"line":141,"column":43}},"40":{"start":{"line":142,"column":4},"end":{"line":146,"column":6}},"41":{"start":{"line":154,"column":4},"end":{"line":156,"column":5}},"42":{"start":{"line":155,"column":6},"end":{"line":155,"column":47}},"43":{"start":{"line":157,"column":4},"end":{"line":159,"column":5}},"44":{"start":{"line":158,"column":6},"end":{"line":158,"column":43}},"45":{"start":{"line":160,"column":4},"end":{"line":160,"column":16}}},"fnMap":{"0":{"name":"(anonymous_0)","decl":{"start":{"line":14,"column":2},"end":{"line":14,"column":3}},"loc":{"start":{"line":14,"column":27},"end":{"line":18,"column":3}},"line":14},"1":{"name":"(anonymous_1)","decl":{"start":{"line":24,"column":2},"end":{"line":24,"column":3}},"loc":{"start":{"line":24,"column":28},"end":{"line":29,"column":3}},"line":24},"2":{"name":"(anonymous_2)","decl":{"start":{"line":35,"column":2},"end":{"line":35,"column":3}},"loc":{"start":{"line":35,"column":31},"end":{"line":42,"column":3}},"line":35},"3":{"name":"(anonymous_3)","decl":{"start":{"line":48,"column":2},"end":{"line":48,"column":3}},"loc":{"start":{"line":48,"column":29},"end":{"line":50,"column":3}},"line":48},"4":{"name":"(anonymous_4)","decl":{"start":{"line":56,"column":2},"end":{"line":56,"column":3}},"loc":{"start":{"line":56,"column":12},"end":{"line":58,"column":3}},"line":56},"5":{"name":"(anonymous_5)","decl":{"start":{"line":64,"column":2},"end":{"line":64,"column":3}},"loc":{"start":{"line":64,"column":13},"end":{"line":66,"column":3}},"line":64},"6":{"name":"(anonymous_6)","decl":{"start":{"line":72,"column":2},"end":{"line":72,"column":3}},"loc":{"start":{"line":72,"column":18},"end":{"line":77,"column":3}},"line":72},"7":{"name":"(anonymous_7)","decl":{"start":{"line":83,"column":2},"end":{"line":83,"column":3}},"loc":{"start":{"line":83,"column":16},"end":{"line":88,"column":3}},"line":83},"8":{"name":"(anonymous_8)","decl":{"start":{"line":94,"column":2},"end":{"line":94,"column":3}},"loc":{"start":{"line":94,"column":24},"end":{"line":100,"column":3}},"line":94},"9":{"name":"(anonymous_9)","decl":{"start":{"line":106,"column":2},"end":{"line":106,"column":3}},"loc":{"start":{"line":106,"column":22},"end":{"line":116,"column":3}},"line":106},"10":{"name":"(anonymous_10)","decl":{"start":{"line":122,"column":2},"end":{"line":122,"column":3}},"loc":{"start":{"line":122,"column":13},"end":{"line":124,"column":3}},"line":122},"11":{"name":"(anonymous_11)","decl":{"start":{"line":131,"column":2},"end":{"line":131,"column":3}},"loc":{"start":{"line":131,"column":22},"end":{"line":147,"column":3}},"line":131},"12":{"name":"(anonymous_12)","decl":{"start":{"line":153,"column":2},"end":{"line":153,"column":3}},"loc":{"start":{"line":153,"column":12},"end":{"line":161,"column":3}},"line":153}},"branchMap":{"0":{"loc":{"start":{"line":25,"column":4},"end":{"line":27,"column":5}},"type":"if","locations":[{"start":{"line":25,"column":4},"end":{"line":27,"column":5}},{"start":{},"end":{}}],"line":25},"1":{"loc":{"start":{"line":25,"column":8},"end":{"line":25,"column":72}},"type":"binary-expr","locations":[{"start":{"line":25,"column":8},"end":{"line":25,"column":38}},{"start":{"line":25,"column":42},"end":{"line":25,"column":72}}],"line":25},"2":{"loc":{"start":{"line":37,"column":4},"end":{"line":41,"column":5}},"type":"if","locations":[{"start":{"line":37,"column":4},"end":{"line":41,"column":5}},{"start":{"line":39,"column":11},"end":{"line":41,"column":5}}],"line":37},"3":{"loc":{"start":{"line":73,"column":4},"end":{"line":75,"column":5}},"type":"if","locations":[{"start":{"line":73,"column":4},"end":{"line":75,"column":5}},{"start":{},"end":{}}],"line":73},"4":{"loc":{"start":{"line":84,"column":4},"end":{"line":86,"column":5}},"type":"if","locations":[{"start":{"line":84,"column":4},"end":{"line":86,"column":5}},{"start":{},"end":{}}],"line":84},"5":{"loc":{"start":{"line":84,"column":8},"end":{"line":84,"column":43}},"type":"binary-expr","locations":[{"start":{"line":84,"column":8},"end":{"line":84,"column":21}},{"start":{"line":84,"column":25},"end":{"line":84,"column":43}}],"line":84},"6":{"loc":{"start":{"line":109,"column":4},"end":{"line":114,"column":5}},"type":"if","locations":[{"start":{"line":109,"column":4},"end":{"line":114,"column":5}},{"start":{},"end":{}}],"line":109},"7":{"loc":{"start":{"line":132,"column":4},"end":{"line":134,"column":5}},"type":"if","locations":[{"start":{"line":132,"column":4},"end":{"line":134,"column":5}},{"start":{},"end":{}}],"line":132},"8":{"loc":{"start":{"line":143,"column":6},"end":{"line":145,"column":28}},"type":"binary-expr","locations":[{"start":{"line":143,"column":6},"end":{"line":143,"column":33}},{"start":{"line":144,"column":6},"end":{"line":144,"column":31}},{"start":{"line":145,"column":6},"end":{"line":145,"column":28}}],"line":143},"9":{"loc":{"start":{"line":154,"column":4},"end":{"line":156,"column":5}},"type":"if","locations":[{"start":{"line":154,"column":4},"end":{"line":156,"column":5}},{"start":{},"end":{}}],"line":154},"10":{"loc":{"start":{"line":154,"column":8},"end":{"line":154,"column":61}},"type":"binary-expr","locations":[{"start":{"line":154,"column":8},"end":{"line":154,"column":26}},{"start":{"line":154,"column":30},"end":{"line":154,"column":61}}],"line":154},"11":{"loc":{"start":{"line":157,"column":4},"end":{"line":159,"column":5}},"type":"if","locations":[{"start":{"line":157,"column":4},"end":{"line":159,"column":5}},{"start":{},"end":{}}],"line":157},"12":{"loc":{"start":{"line":157,"column":8},"end":{"line":157,"column":55}},"type":"binary-expr","locations":[{"start":{"line":157,"column":8},"end":{"line":157,"column":27}},{"start":{"line":157,"column":31},"end":{"line":157,"column":55}}],"line":157}},"s":{"0":41,"1":41,"2":41,"3":7,"4":2,"5":5,"6":2,"7":2,"8":1,"9":1,"10":4,"11":3,"12":31,"13":2,"14":1,"15":1,"16":2,"17":1,"18":1,"19":4,"20":4,"21":4,"22":6,"23":4,"24":2,"25":2,"26":2,"27":1,"28":1,"29":3,"30":1,"31":2,"32":7,"33":7,"34":1,"35":6,"36":6,"37":6,"38":6,"39":6,"40":6,"41":3,"42":1,"43":2,"44":1,"45":1},"f":{"0":41,"1":7,"2":2,"3":4,"4":3,"5":31,"6":2,"7":2,"8":4,"9":2,"10":7,"11":7,"12":3},"b":{"0":[2,5],"1":[7,6],"2":[1,1],"3":[1,1],"4":[1,1],"5":[2,1],"6":[1,1],"7":[1,6],"8":[6,5,4],"9":[1,2],"10":[3,2],"11":[1,1],"12":[2,1]},"_coverageSchema":"1a1c01bbd47fc00a2c39e90264f33305004495a9","hash":"d0f82e5e3c2bfcab1b0d4afdf3479ba5a8869005"}
,"C:\\Users\\betin\\OneDrive\\Escritorio\\Sapelli-Kadessian\\fuente\\dominio\\Menu.js": {"path":"C:\\Users\\betin\\OneDrive\\Escritorio\\Sapelli-Kadessian\\fuente\\dominio\\Menu.js","statementMap":{"0":{"start":{"line":32,"column":4},"end":{"line":32,"column":26}},"1":{"start":{"line":33,"column":4},"end":{"line":33,"column":36}},"2":{"start":{"line":34,"column":4},"end":{"line":34,"column":26}},"3":{"start":{"line":35,"column":4},"end":{"line":35,"column":25}},"4":{"start":{"line":36,"column":4},"end":{"line":36,"column":30}},"5":{"start":{"line":37,"column":4},"end":{"line":37,"column":26}},"6":{"start":{"line":38,"column":4},"end":{"line":38,"column":26}},"7":{"start":{"line":39,"column":4},"end":{"line":39,"column":32}},"8":{"start":{"line":40,"column":4},"end":{"line":40,"column":22}},"9":{"start":{"line":41,"column":4},"end":{"line":41,"column":40}},"10":{"start":{"line":42,"column":4},"end":{"line":42,"column":24}},"11":{"start":{"line":51,"column":4},"end":{"line":51,"column":32}},"12":{"start":{"line":59,"column":4},"end":{"line":59,"column":24}},"13":{"start":{"line":67,"column":4},"end":{"line":67,"column":29}},"14":{"start":{"line":75,"column":4},"end":{"line":75,"column":24}},"15":{"start":{"line":83,"column":4},"end":{"line":83,"column":27}},"16":{"start":{"line":91,"column":4},"end":{"line":91,"column":26}},"17":{"start":{"line":99,"column":4},"end":{"line":99,"column":24}},"18":{"start":{"line":107,"column":4},"end":{"line":107,"column":24}},"19":{"start":{"line":115,"column":4},"end":{"line":115,"column":27}},"20":{"start":{"line":123,"column":4},"end":{"line":123,"column":22}},"21":{"start":{"line":131,"column":4},"end":{"line":131,"column":31}},"22":{"start":{"line":139,"column":4},"end":{"line":139,"column":23}},"23":{"start":{"line":147,"column":4},"end":{"line":149,"column":5}},"24":{"start":{"line":148,"column":6},"end":{"line":148,"column":58}},"25":{"start":{"line":150,"column":4},"end":{"line":150,"column":26}},"26":{"start":{"line":158,"column":4},"end":{"line":160,"column":5}},"27":{"start":{"line":159,"column":6},"end":{"line":159,"column":63}},"28":{"start":{"line":161,"column":4},"end":{"line":161,"column":36}},"29":{"start":{"line":169,"column":4},"end":{"line":171,"column":5}},"30":{"start":{"line":170,"column":6},"end":{"line":170,"column":59}},"31":{"start":{"line":172,"column":4},"end":{"line":172,"column":26}},"32":{"start":{"line":180,"column":4},"end":{"line":182,"column":5}},"33":{"start":{"line":181,"column":6},"end":{"line":181,"column":63}},"34":{"start":{"line":183,"column":4},"end":{"line":183,"column":30}},"35":{"start":{"line":191,"column":4},"end":{"line":193,"column":5}},"36":{"start":{"line":192,"column":6},"end":{"line":192,"column":58}},"37":{"start":{"line":194,"column":4},"end":{"line":194,"column":26}},"38":{"start":{"line":202,"column":4},"end":{"line":204,"column":5}},"39":{"start":{"line":203,"column":6},"end":{"line":203,"column":58}},"40":{"start":{"line":205,"column":4},"end":{"line":205,"column":26}},"41":{"start":{"line":213,"column":4},"end":{"line":215,"column":5}},"42":{"start":{"line":214,"column":6},"end":{"line":214,"column":61}},"43":{"start":{"line":216,"column":4},"end":{"line":216,"column":32}},"44":{"start":{"line":224,"column":4},"end":{"line":226,"column":5}},"45":{"start":{"line":225,"column":6},"end":{"line":225,"column":62}},"46":{"start":{"line":227,"column":4},"end":{"line":227,"column":22}},"47":{"start":{"line":235,"column":4},"end":{"line":237,"column":5}},"48":{"start":{"line":236,"column":6},"end":{"line":236,"column":65}},"49":{"start":{"line":238,"column":4},"end":{"line":238,"column":40}},"50":{"start":{"line":246,"column":4},"end":{"line":248,"column":5}},"51":{"start":{"line":247,"column":6},"end":{"line":247,"column":57}},"52":{"start":{"line":249,"column":4},"end":{"line":249,"column":24}},"53":{"start":{"line":257,"column":4},"end":{"line":257,"column":24}}},"fnMap":{"0":{"name":"(anonymous_0)","decl":{"start":{"line":30,"column":2},"end":{"line":30,"column":3}},"loc":{"start":{"line":31,"column":34},"end":{"line":43,"column":3}},"line":31},"1":{"name":"(anonymous_1)","decl":{"start":{"line":50,"column":2},"end":{"line":50,"column":3}},"loc":{"start":{"line":50,"column":26},"end":{"line":52,"column":3}},"line":50},"2":{"name":"(anonymous_2)","decl":{"start":{"line":58,"column":2},"end":{"line":58,"column":3}},"loc":{"start":{"line":58,"column":14},"end":{"line":60,"column":3}},"line":58},"3":{"name":"(anonymous_3)","decl":{"start":{"line":66,"column":2},"end":{"line":66,"column":3}},"loc":{"start":{"line":66,"column":19},"end":{"line":68,"column":3}},"line":66},"4":{"name":"(anonymous_4)","decl":{"start":{"line":74,"column":2},"end":{"line":74,"column":3}},"loc":{"start":{"line":74,"column":14},"end":{"line":76,"column":3}},"line":74},"5":{"name":"(anonymous_5)","decl":{"start":{"line":82,"column":2},"end":{"line":82,"column":3}},"loc":{"start":{"line":82,"column":17},"end":{"line":84,"column":3}},"line":82},"6":{"name":"(anonymous_6)","decl":{"start":{"line":90,"column":2},"end":{"line":90,"column":3}},"loc":{"start":{"line":90,"column":16},"end":{"line":92,"column":3}},"line":90},"7":{"name":"(anonymous_7)","decl":{"start":{"line":98,"column":2},"end":{"line":98,"column":3}},"loc":{"start":{"line":98,"column":14},"end":{"line":100,"column":3}},"line":98},"8":{"name":"(anonymous_8)","decl":{"start":{"line":106,"column":2},"end":{"line":106,"column":3}},"loc":{"start":{"line":106,"column":14},"end":{"line":108,"column":3}},"line":106},"9":{"name":"(anonymous_9)","decl":{"start":{"line":114,"column":2},"end":{"line":114,"column":3}},"loc":{"start":{"line":114,"column":17},"end":{"line":116,"column":3}},"line":114},"10":{"name":"(anonymous_10)","decl":{"start":{"line":122,"column":2},"end":{"line":122,"column":3}},"loc":{"start":{"line":122,"column":12},"end":{"line":124,"column":3}},"line":122},"11":{"name":"(anonymous_11)","decl":{"start":{"line":130,"column":2},"end":{"line":130,"column":3}},"loc":{"start":{"line":130,"column":21},"end":{"line":132,"column":3}},"line":130},"12":{"name":"(anonymous_12)","decl":{"start":{"line":138,"column":2},"end":{"line":138,"column":3}},"loc":{"start":{"line":138,"column":13},"end":{"line":140,"column":3}},"line":138},"13":{"name":"(anonymous_13)","decl":{"start":{"line":146,"column":2},"end":{"line":146,"column":3}},"loc":{"start":{"line":146,"column":20},"end":{"line":151,"column":3}},"line":146},"14":{"name":"(anonymous_14)","decl":{"start":{"line":157,"column":2},"end":{"line":157,"column":3}},"loc":{"start":{"line":157,"column":30},"end":{"line":162,"column":3}},"line":157},"15":{"name":"(anonymous_15)","decl":{"start":{"line":168,"column":2},"end":{"line":168,"column":3}},"loc":{"start":{"line":168,"column":20},"end":{"line":173,"column":3}},"line":168},"16":{"name":"(anonymous_16)","decl":{"start":{"line":179,"column":2},"end":{"line":179,"column":3}},"loc":{"start":{"line":179,"column":24},"end":{"line":184,"column":3}},"line":179},"17":{"name":"(anonymous_17)","decl":{"start":{"line":190,"column":2},"end":{"line":190,"column":3}},"loc":{"start":{"line":190,"column":20},"end":{"line":195,"column":3}},"line":190},"18":{"name":"(anonymous_18)","decl":{"start":{"line":201,"column":2},"end":{"line":201,"column":3}},"loc":{"start":{"line":201,"column":20},"end":{"line":206,"column":3}},"line":201},"19":{"name":"(anonymous_19)","decl":{"start":{"line":212,"column":2},"end":{"line":212,"column":3}},"loc":{"start":{"line":212,"column":26},"end":{"line":217,"column":3}},"line":212},"20":{"name":"(anonymous_20)","decl":{"start":{"line":223,"column":2},"end":{"line":223,"column":3}},"loc":{"start":{"line":223,"column":16},"end":{"line":228,"column":3}},"line":223},"21":{"name":"(anonymous_21)","decl":{"start":{"line":234,"column":2},"end":{"line":234,"column":3}},"loc":{"start":{"line":234,"column":34},"end":{"line":239,"column":3}},"line":234},"22":{"name":"(anonymous_22)","decl":{"start":{"line":245,"column":2},"end":{"line":245,"column":3}},"loc":{"start":{"line":245,"column":18},"end":{"line":250,"column":3}},"line":245},"23":{"name":"(anonymous_23)","decl":{"start":{"line":256,"column":2},"end":{"line":256,"column":3}},"loc":{"start":{"line":256,"column":13},"end":{"line":258,"column":3}},"line":256}},"branchMap":{"0":{"loc":{"start":{"line":147,"column":4},"end":{"line":149,"column":5}},"type":"if","locations":[{"start":{"line":147,"column":4},"end":{"line":149,"column":5}},{"start":{},"end":{}}],"line":147},"1":{"loc":{"start":{"line":147,"column":8},"end":{"line":147,"column":45}},"type":"binary-expr","locations":[{"start":{"line":147,"column":8},"end":{"line":147,"column":15}},{"start":{"line":147,"column":19},"end":{"line":147,"column":45}}],"line":147},"2":{"loc":{"start":{"line":158,"column":4},"end":{"line":160,"column":5}},"type":"if","locations":[{"start":{"line":158,"column":4},"end":{"line":160,"column":5}},{"start":{},"end":{}}],"line":158},"3":{"loc":{"start":{"line":158,"column":8},"end":{"line":158,"column":55}},"type":"binary-expr","locations":[{"start":{"line":158,"column":8},"end":{"line":158,"column":20}},{"start":{"line":158,"column":24},"end":{"line":158,"column":55}}],"line":158},"4":{"loc":{"start":{"line":169,"column":4},"end":{"line":171,"column":5}},"type":"if","locations":[{"start":{"line":169,"column":4},"end":{"line":171,"column":5}},{"start":{},"end":{}}],"line":169},"5":{"loc":{"start":{"line":169,"column":8},"end":{"line":169,"column":45}},"type":"binary-expr","locations":[{"start":{"line":169,"column":8},"end":{"line":169,"column":15}},{"start":{"line":169,"column":19},"end":{"line":169,"column":45}}],"line":169},"6":{"loc":{"start":{"line":180,"column":4},"end":{"line":182,"column":5}},"type":"if","locations":[{"start":{"line":180,"column":4},"end":{"line":182,"column":5}},{"start":{},"end":{}}],"line":180},"7":{"loc":{"start":{"line":180,"column":8},"end":{"line":180,"column":65}},"type":"binary-expr","locations":[{"start":{"line":180,"column":8},"end":{"line":180,"column":17}},{"start":{"line":180,"column":21},"end":{"line":180,"column":49}},{"start":{"line":180,"column":53},"end":{"line":180,"column":65}}],"line":180},"8":{"loc":{"start":{"line":191,"column":4},"end":{"line":193,"column":5}},"type":"if","locations":[{"start":{"line":191,"column":4},"end":{"line":193,"column":5}},{"start":{},"end":{}}],"line":191},"9":{"loc":{"start":{"line":191,"column":8},"end":{"line":191,"column":48}},"type":"binary-expr","locations":[{"start":{"line":191,"column":8},"end":{"line":191,"column":34}},{"start":{"line":191,"column":38},"end":{"line":191,"column":48}}],"line":191},"10":{"loc":{"start":{"line":202,"column":4},"end":{"line":204,"column":5}},"type":"if","locations":[{"start":{"line":202,"column":4},"end":{"line":204,"column":5}},{"start":{},"end":{}}],"line":202},"11":{"loc":{"start":{"line":202,"column":8},"end":{"line":202,"column":48}},"type":"binary-expr","locations":[{"start":{"line":202,"column":8},"end":{"line":202,"column":34}},{"start":{"line":202,"column":38},"end":{"line":202,"column":48}}],"line":202},"12":{"loc":{"start":{"line":213,"column":4},"end":{"line":215,"column":5}},"type":"if","locations":[{"start":{"line":213,"column":4},"end":{"line":215,"column":5}},{"start":{},"end":{}}],"line":213},"13":{"loc":{"start":{"line":213,"column":8},"end":{"line":213,"column":54}},"type":"binary-expr","locations":[{"start":{"line":213,"column":8},"end":{"line":213,"column":37}},{"start":{"line":213,"column":41},"end":{"line":213,"column":54}}],"line":213},"14":{"loc":{"start":{"line":224,"column":4},"end":{"line":226,"column":5}},"type":"if","locations":[{"start":{"line":224,"column":4},"end":{"line":226,"column":5}},{"start":{},"end":{}}],"line":224},"15":{"loc":{"start":{"line":224,"column":8},"end":{"line":224,"column":44}},"type":"binary-expr","locations":[{"start":{"line":224,"column":8},"end":{"line":224,"column":32}},{"start":{"line":224,"column":36},"end":{"line":224,"column":44}}],"line":224},"16":{"loc":{"start":{"line":235,"column":4},"end":{"line":237,"column":5}},"type":"if","locations":[{"start":{"line":235,"column":4},"end":{"line":237,"column":5}},{"start":{},"end":{}}],"line":235},"17":{"loc":{"start":{"line":235,"column":8},"end":{"line":235,"column":62}},"type":"binary-expr","locations":[{"start":{"line":235,"column":8},"end":{"line":235,"column":41}},{"start":{"line":235,"column":45},"end":{"line":235,"column":62}}],"line":235},"18":{"loc":{"start":{"line":246,"column":4},"end":{"line":248,"column":5}},"type":"if","locations":[{"start":{"line":246,"column":4},"end":{"line":248,"column":5}},{"start":{},"end":{}}],"line":246},"19":{"loc":{"start":{"line":246,"column":8},"end":{"line":246,"column":46}},"type":"binary-expr","locations":[{"start":{"line":246,"column":8},"end":{"line":246,"column":33}},{"start":{"line":246,"column":37},"end":{"line":246,"column":46}}],"line":246}},"s":{"0":72,"1":72,"2":72,"3":72,"4":72,"5":72,"6":72,"7":72,"8":72,"9":72,"10":72,"11":1,"12":5,"13":2,"14":2,"15":1,"16":2,"17":2,"18":2,"19":2,"20":2,"21":2,"22":2,"23":2,"24":1,"25":1,"26":2,"27":1,"28":1,"29":2,"30":1,"31":1,"32":2,"33":1,"34":1,"35":2,"36":1,"37":1,"38":2,"39":1,"40":1,"41":2,"42":1,"43":1,"44":2,"45":1,"46":1,"47":2,"48":1,"49":1,"50":2,"51":1,"52":1,"53":1},"f":{"0":72,"1":1,"2":5,"3":2,"4":2,"5":1,"6":2,"7":2,"8":2,"9":2,"10":2,"11":2,"12":2,"13":2,"14":2,"15":2,"16":2,"17":2,"18":2,"19":2,"20":2,"21":2,"22":2,"23":1},"b":{"0":[1,1],"1":[2,1],"2":[1,1],"3":[2,1],"4":[1,1],"5":[2,1],"6":[1,1],"7":[2,1,1],"8":[1,1],"9":[2,1],"10":[1,1],"11":[2,1],"12":[1,1],"13":[2,1],"14":[1,1],"15":[2,1],"16":[1,1],"17":[2,1],"18":[1,1],"19":[2,1]},"_coverageSchema":"1a1c01bbd47fc00a2c39e90264f33305004495a9","hash":"d29de644f670d88ec1efb9c1d7ba6f7ef587bb35"}
,"C:\\Users\\betin\\OneDrive\\Escritorio\\Sapelli-Kadessian\\fuente\\dominio\\Padre.js": {"path":"C:\\Users\\betin\\OneDrive\\Escritorio\\Sapelli-Kadessian\\fuente\\dominio\\Padre.js","statementMap":{"0":{"start":{"line":19,"column":4},"end":{"line":19,"column":26}},"1":{"start":{"line":20,"column":4},"end":{"line":20,"column":18}},"2":{"start":{"line":21,"column":4},"end":{"line":21,"column":28}},"3":{"start":{"line":22,"column":4},"end":{"line":22,"column":33}},"4":{"start":{"line":23,"column":4},"end":{"line":23,"column":18}},"5":{"start":{"line":24,"column":4},"end":{"line":24,"column":19}},"6":{"start":{"line":32,"column":4},"end":{"line":34,"column":5}},"7":{"start":{"line":33,"column":6},"end":{"line":33,"column":66}},"8":{"start":{"line":35,"column":4},"end":{"line":35,"column":28}},"9":{"start":{"line":43,"column":4},"end":{"line":45,"column":5}},"10":{"start":{"line":44,"column":6},"end":{"line":44,"column":65}},"11":{"start":{"line":46,"column":4},"end":{"line":46,"column":26}},"12":{"start":{"line":55,"column":4},"end":{"line":55,"column":26}},"13":{"start":{"line":64,"column":4},"end":{"line":64,"column":25}},"14":{"start":{"line":72,"column":4},"end":{"line":75,"column":5}},"15":{"start":{"line":74,"column":6},"end":{"line":74,"column":58}},"16":{"start":{"line":76,"column":4},"end":{"line":76,"column":38}},"17":{"start":{"line":84,"column":17},"end":{"line":84,"column":19}},"18":{"start":{"line":85,"column":4},"end":{"line":89,"column":5}},"19":{"start":{"line":85,"column":17},"end":{"line":85,"column":18}},"20":{"start":{"line":86,"column":6},"end":{"line":88,"column":7}},"21":{"start":{"line":87,"column":8},"end":{"line":87,"column":19}},"22":{"start":{"line":90,"column":4},"end":{"line":92,"column":5}},"23":{"start":{"line":91,"column":6},"end":{"line":91,"column":48}},"24":{"start":{"line":100,"column":4},"end":{"line":100,"column":24}},"25":{"start":{"line":108,"column":4},"end":{"line":108,"column":20}},"26":{"start":{"line":116,"column":4},"end":{"line":116,"column":25}},"27":{"start":{"line":127,"column":18},"end":{"line":131,"column":6}},"28":{"start":{"line":128,"column":21},"end":{"line":128,"column":43}},"29":{"start":{"line":129,"column":21},"end":{"line":129,"column":43}},"30":{"start":{"line":130,"column":6},"end":{"line":130,"column":29}},"31":{"start":{"line":132,"column":4},"end":{"line":132,"column":17}},"32":{"start":{"line":140,"column":4},"end":{"line":143,"column":5}},"33":{"start":{"line":142,"column":6},"end":{"line":142,"column":64}},"34":{"start":{"line":144,"column":4},"end":{"line":144,"column":26}},"35":{"start":{"line":152,"column":4},"end":{"line":155,"column":5}},"36":{"start":{"line":154,"column":6},"end":{"line":154,"column":64}},"37":{"start":{"line":156,"column":4},"end":{"line":156,"column":18}},"38":{"start":{"line":164,"column":4},"end":{"line":167,"column":5}},"39":{"start":{"line":166,"column":6},"end":{"line":166,"column":73}},"40":{"start":{"line":168,"column":4},"end":{"line":168,"column":28}},"41":{"start":{"line":178,"column":18},"end":{"line":178,"column":23}},"42":{"start":{"line":179,"column":4},"end":{"line":183,"column":5}},"43":{"start":{"line":179,"column":17},"end":{"line":179,"column":18}},"44":{"start":{"line":180,"column":6},"end":{"line":182,"column":7}},"45":{"start":{"line":181,"column":8},"end":{"line":181,"column":23}},"46":{"start":{"line":184,"column":4},"end":{"line":184,"column":19}},"47":{"start":{"line":192,"column":4},"end":{"line":195,"column":5}},"48":{"start":{"line":194,"column":6},"end":{"line":194,"column":58}},"49":{"start":{"line":196,"column":4},"end":{"line":196,"column":20}},"50":{"start":{"line":197,"column":4},"end":{"line":197,"column":30}},"51":{"start":{"line":205,"column":4},"end":{"line":208,"column":5}},"52":{"start":{"line":207,"column":6},"end":{"line":207,"column":54}},"53":{"start":{"line":209,"column":4},"end":{"line":209,"column":33}},"54":{"start":{"line":217,"column":4},"end":{"line":217,"column":55}},"55":{"start":{"line":226,"column":4},"end":{"line":229,"column":5}},"56":{"start":{"line":228,"column":6},"end":{"line":228,"column":64}},"57":{"start":{"line":230,"column":4},"end":{"line":233,"column":5}},"58":{"start":{"line":232,"column":6},"end":{"line":232,"column":75}},"59":{"start":{"line":234,"column":4},"end":{"line":237,"column":5}},"60":{"start":{"line":236,"column":6},"end":{"line":236,"column":71}},"61":{"start":{"line":238,"column":4},"end":{"line":238,"column":16}}},"fnMap":{"0":{"name":"(anonymous_0)","decl":{"start":{"line":18,"column":2},"end":{"line":18,"column":3}},"loc":{"start":{"line":18,"column":35},"end":{"line":25,"column":3}},"line":18},"1":{"name":"(anonymous_1)","decl":{"start":{"line":31,"column":2},"end":{"line":31,"column":3}},"loc":{"start":{"line":31,"column":24},"end":{"line":36,"column":3}},"line":31},"2":{"name":"(anonymous_2)","decl":{"start":{"line":42,"column":2},"end":{"line":42,"column":3}},"loc":{"start":{"line":42,"column":22},"end":{"line":47,"column":3}},"line":42},"3":{"name":"(anonymous_3)","decl":{"start":{"line":54,"column":2},"end":{"line":54,"column":3}},"loc":{"start":{"line":54,"column":16},"end":{"line":56,"column":3}},"line":54},"4":{"name":"(anonymous_4)","decl":{"start":{"line":63,"column":2},"end":{"line":63,"column":3}},"loc":{"start":{"line":63,"column":15},"end":{"line":65,"column":3}},"line":63},"5":{"name":"(anonymous_5)","decl":{"start":{"line":71,"column":2},"end":{"line":71,"column":3}},"loc":{"start":{"line":71,"column":23},"end":{"line":77,"column":3}},"line":71},"6":{"name":"(anonymous_6)","decl":{"start":{"line":83,"column":2},"end":{"line":83,"column":3}},"loc":{"start":{"line":83,"column":26},"end":{"line":93,"column":3}},"line":83},"7":{"name":"(anonymous_7)","decl":{"start":{"line":99,"column":2},"end":{"line":99,"column":3}},"loc":{"start":{"line":99,"column":14},"end":{"line":101,"column":3}},"line":99},"8":{"name":"(anonymous_8)","decl":{"start":{"line":107,"column":2},"end":{"line":107,"column":3}},"loc":{"start":{"line":107,"column":10},"end":{"line":109,"column":3}},"line":107},"9":{"name":"(anonymous_9)","decl":{"start":{"line":115,"column":2},"end":{"line":115,"column":3}},"loc":{"start":{"line":115,"column":15},"end":{"line":117,"column":3}},"line":115},"10":{"name":"(anonymous_10)","decl":{"start":{"line":124,"column":2},"end":{"line":124,"column":3}},"loc":{"start":{"line":124,"column":25},"end":{"line":133,"column":3}},"line":124},"11":{"name":"(anonymous_11)","decl":{"start":{"line":127,"column":47},"end":{"line":127,"column":48}},"loc":{"start":{"line":127,"column":57},"end":{"line":131,"column":5}},"line":127},"12":{"name":"(anonymous_12)","decl":{"start":{"line":139,"column":2},"end":{"line":139,"column":3}},"loc":{"start":{"line":139,"column":20},"end":{"line":145,"column":3}},"line":139},"13":{"name":"(anonymous_13)","decl":{"start":{"line":151,"column":2},"end":{"line":151,"column":3}},"loc":{"start":{"line":151,"column":12},"end":{"line":157,"column":3}},"line":151},"14":{"name":"(anonymous_14)","decl":{"start":{"line":163,"column":2},"end":{"line":163,"column":3}},"loc":{"start":{"line":163,"column":22},"end":{"line":169,"column":3}},"line":163},"15":{"name":"(anonymous_15)","decl":{"start":{"line":177,"column":2},"end":{"line":177,"column":3}},"loc":{"start":{"line":177,"column":33},"end":{"line":185,"column":3}},"line":177},"16":{"name":"(anonymous_16)","decl":{"start":{"line":191,"column":2},"end":{"line":191,"column":3}},"loc":{"start":{"line":191,"column":22},"end":{"line":198,"column":3}},"line":191},"17":{"name":"(anonymous_17)","decl":{"start":{"line":204,"column":2},"end":{"line":204,"column":3}},"loc":{"start":{"line":204,"column":30},"end":{"line":210,"column":3}},"line":204},"18":{"name":"(anonymous_18)","decl":{"start":{"line":216,"column":2},"end":{"line":216,"column":3}},"loc":{"start":{"line":216,"column":13},"end":{"line":218,"column":3}},"line":216},"19":{"name":"(anonymous_19)","decl":{"start":{"line":225,"column":2},"end":{"line":225,"column":3}},"loc":{"start":{"line":225,"column":12},"end":{"line":239,"column":3}},"line":225}},"branchMap":{"0":{"loc":{"start":{"line":32,"column":4},"end":{"line":34,"column":5}},"type":"if","locations":[{"start":{"line":32,"column":4},"end":{"line":34,"column":5}},{"start":{},"end":{}}],"line":32},"1":{"loc":{"start":{"line":43,"column":4},"end":{"line":45,"column":5}},"type":"if","locations":[{"start":{"line":43,"column":4},"end":{"line":45,"column":5}},{"start":{},"end":{}}],"line":43},"2":{"loc":{"start":{"line":72,"column":4},"end":{"line":75,"column":5}},"type":"if","locations":[{"start":{"line":72,"column":4},"end":{"line":75,"column":5}},{"start":{},"end":{}}],"line":72},"3":{"loc":{"start":{"line":72,"column":8},"end":{"line":73,"column":41}},"type":"binary-expr","locations":[{"start":{"line":72,"column":8},"end":{"line":72,"column":25}},{"start":{"line":72,"column":29},"end":{"line":72,"column":41}},{"start":{"line":73,"column":6},"end":{"line":73,"column":41}}],"line":72},"4":{"loc":{"start":{"line":86,"column":6},"end":{"line":88,"column":7}},"type":"if","locations":[{"start":{"line":86,"column":6},"end":{"line":88,"column":7}},{"start":{},"end":{}}],"line":86},"5":{"loc":{"start":{"line":90,"column":4},"end":{"line":92,"column":5}},"type":"if","locations":[{"start":{"line":90,"column":4},"end":{"line":92,"column":5}},{"start":{},"end":{}}],"line":90},"6":{"loc":{"start":{"line":140,"column":4},"end":{"line":143,"column":5}},"type":"if","locations":[{"start":{"line":140,"column":4},"end":{"line":143,"column":5}},{"start":{},"end":{}}],"line":140},"7":{"loc":{"start":{"line":140,"column":8},"end":{"line":141,"column":39}},"type":"binary-expr","locations":[{"start":{"line":140,"column":8},"end":{"line":140,"column":28}},{"start":{"line":141,"column":7},"end":{"line":141,"column":22}},{"start":{"line":141,"column":26},"end":{"line":141,"column":39}}],"line":140},"8":{"loc":{"start":{"line":152,"column":4},"end":{"line":155,"column":5}},"type":"if","locations":[{"start":{"line":152,"column":4},"end":{"line":155,"column":5}},{"start":{},"end":{}}],"line":152},"9":{"loc":{"start":{"line":152,"column":8},"end":{"line":153,"column":41}},"type":"binary-expr","locations":[{"start":{"line":152,"column":8},"end":{"line":152,"column":24}},{"start":{"line":153,"column":7},"end":{"line":153,"column":18}},{"start":{"line":153,"column":22},"end":{"line":153,"column":31}},{"start":{"line":153,"column":35},"end":{"line":153,"column":41}}],"line":152},"10":{"loc":{"start":{"line":164,"column":4},"end":{"line":167,"column":5}},"type":"if","locations":[{"start":{"line":164,"column":4},"end":{"line":167,"column":5}},{"start":{},"end":{}}],"line":164},"11":{"loc":{"start":{"line":164,"column":8},"end":{"line":165,"column":38}},"type":"binary-expr","locations":[{"start":{"line":164,"column":8},"end":{"line":164,"column":29}},{"start":{"line":165,"column":7},"end":{"line":165,"column":23}},{"start":{"line":165,"column":27},"end":{"line":165,"column":38}}],"line":164},"12":{"loc":{"start":{"line":180,"column":6},"end":{"line":182,"column":7}},"type":"if","locations":[{"start":{"line":180,"column":6},"end":{"line":182,"column":7}},{"start":{},"end":{}}],"line":180},"13":{"loc":{"start":{"line":192,"column":4},"end":{"line":195,"column":5}},"type":"if","locations":[{"start":{"line":192,"column":4},"end":{"line":195,"column":5}},{"start":{},"end":{}}],"line":192},"14":{"loc":{"start":{"line":192,"column":8},"end":{"line":193,"column":41}},"type":"binary-expr","locations":[{"start":{"line":192,"column":8},"end":{"line":192,"column":25}},{"start":{"line":192,"column":29},"end":{"line":192,"column":41}},{"start":{"line":193,"column":6},"end":{"line":193,"column":41}}],"line":192},"15":{"loc":{"start":{"line":205,"column":4},"end":{"line":208,"column":5}},"type":"if","locations":[{"start":{"line":205,"column":4},"end":{"line":208,"column":5}},{"start":{},"end":{}}],"line":205},"16":{"loc":{"start":{"line":205,"column":8},"end":{"line":206,"column":46}},"type":"binary-expr","locations":[{"start":{"line":205,"column":8},"end":{"line":205,"column":33}},{"start":{"line":206,"column":7},"end":{"line":206,"column":27}},{"start":{"line":206,"column":31},"end":{"line":206,"column":46}}],"line":205},"17":{"loc":{"start":{"line":226,"column":4},"end":{"line":229,"column":5}},"type":"if","locations":[{"start":{"line":226,"column":4},"end":{"line":229,"column":5}},{"start":{},"end":{}}],"line":226},"18":{"loc":{"start":{"line":226,"column":8},"end":{"line":227,"column":51}},"type":"binary-expr","locations":[{"start":{"line":226,"column":8},"end":{"line":226,"column":34}},{"start":{"line":227,"column":7},"end":{"line":227,"column":28}},{"start":{"line":227,"column":32},"end":{"line":227,"column":51}}],"line":226},"19":{"loc":{"start":{"line":230,"column":4},"end":{"line":233,"column":5}},"type":"if","locations":[{"start":{"line":230,"column":4},"end":{"line":233,"column":5}},{"start":{},"end":{}}],"line":230},"20":{"loc":{"start":{"line":230,"column":8},"end":{"line":231,"column":58}},"type":"binary-expr","locations":[{"start":{"line":230,"column":8},"end":{"line":230,"column":30}},{"start":{"line":231,"column":6},"end":{"line":231,"column":23}},{"start":{"line":231,"column":27},"end":{"line":231,"column":42}},{"start":{"line":231,"column":46},"end":{"line":231,"column":58}}],"line":230},"21":{"loc":{"start":{"line":234,"column":4},"end":{"line":237,"column":5}},"type":"if","locations":[{"start":{"line":234,"column":4},"end":{"line":237,"column":5}},{"start":{},"end":{}}],"line":234},"22":{"loc":{"start":{"line":234,"column":8},"end":{"line":235,"column":49}},"type":"binary-expr","locations":[{"start":{"line":234,"column":8},"end":{"line":234,"column":35}},{"start":{"line":235,"column":6},"end":{"line":235,"column":28}},{"start":{"line":235,"column":32},"end":{"line":235,"column":49}}],"line":234}},"s":{"0":78,"1":78,"2":78,"3":78,"4":78,"5":78,"6":3,"7":1,"8":2,"9":3,"10":1,"11":2,"12":2,"13":2,"14":13,"15":3,"16":10,"17":2,"18":2,"19":2,"20":2,"21":1,"22":2,"23":1,"24":4,"25":2,"26":3,"27":5,"28":2,"29":2,"30":2,"31":5,"32":4,"33":3,"34":1,"35":5,"36":4,"37":1,"38":4,"39":3,"40":1,"41":17,"42":17,"43":17,"44":9,"45":3,"46":17,"47":7,"48":3,"49":4,"50":4,"51":2,"52":1,"53":1,"54":1,"55":6,"56":2,"57":4,"58":2,"59":2,"60":1,"61":1},"f":{"0":78,"1":3,"2":3,"3":2,"4":2,"5":13,"6":2,"7":4,"8":2,"9":3,"10":5,"11":2,"12":4,"13":5,"14":4,"15":17,"16":7,"17":2,"18":1,"19":6},"b":{"0":[1,2],"1":[1,2],"2":[3,10],"3":[13,12,11],"4":[1,1],"5":[1,1],"6":[3,1],"7":[4,4,4],"8":[4,1],"9":[5,5,5,3],"10":[3,1],"11":[4,4,4],"12":[3,6],"13":[3,4],"14":[7,6,5],"15":[1,1],"16":[2,2,2],"17":[2,4],"18":[6,6,6],"19":[2,2],"20":[4,4,4,4],"21":[1,1],"22":[2,2,2]},"_coverageSchema":"1a1c01bbd47fc00a2c39e90264f33305004495a9","hash":"a72ce1b022e9b45909c7dc42d99e5a837f40956e"}
,"C:\\Users\\betin\\OneDrive\\Escritorio\\Sapelli-Kadessian\\fuente\\dominio\\Sistema.js": {"path":"C:\\Users\\betin\\OneDrive\\Escritorio\\Sapelli-Kadessian\\fuente\\dominio\\Sistema.js","statementMap":{"0":{"start":{"line":13,"column":4},"end":{"line":13,"column":26}},"1":{"start":{"line":14,"column":4},"end":{"line":14,"column":25}},"2":{"start":{"line":15,"column":4},"end":{"line":15,"column":27}},"3":{"start":{"line":23,"column":4},"end":{"line":23,"column":30}},"4":{"start":{"line":31,"column":4},"end":{"line":31,"column":34}},"5":{"start":{"line":39,"column":4},"end":{"line":39,"column":32}},"6":{"start":{"line":47,"column":18},"end":{"line":47,"column":48}},"7":{"start":{"line":48,"column":4},"end":{"line":52,"column":5}},"8":{"start":{"line":49,"column":6},"end":{"line":49,"column":40}},"9":{"start":{"line":51,"column":6},"end":{"line":51,"column":69}},"10":{"start":{"line":60,"column":18},"end":{"line":60,"column":46}},"11":{"start":{"line":61,"column":4},"end":{"line":65,"column":5}},"12":{"start":{"line":62,"column":6},"end":{"line":62,"column":39}},"13":{"start":{"line":64,"column":6},"end":{"line":64,"column":68}},"14":{"start":{"line":73,"column":18},"end":{"line":73,"column":50}},"15":{"start":{"line":74,"column":4},"end":{"line":78,"column":5}},"16":{"start":{"line":75,"column":6},"end":{"line":75,"column":41}},"17":{"start":{"line":77,"column":6},"end":{"line":77,"column":70}},"18":{"start":{"line":86,"column":4},"end":{"line":86,"column":28}},"19":{"start":{"line":94,"column":4},"end":{"line":94,"column":29}},"20":{"start":{"line":102,"column":4},"end":{"line":102,"column":27}},"21":{"start":{"line":111,"column":18},"end":{"line":111,"column":22}},"22":{"start":{"line":112,"column":4},"end":{"line":117,"column":5}},"23":{"start":{"line":112,"column":17},"end":{"line":112,"column":18}},"24":{"start":{"line":113,"column":6},"end":{"line":116,"column":7}},"25":{"start":{"line":114,"column":8},"end":{"line":114,"column":38}},"26":{"start":{"line":115,"column":8},"end":{"line":115,"column":14}},"27":{"start":{"line":118,"column":4},"end":{"line":118,"column":19}},"28":{"start":{"line":129,"column":18},"end":{"line":129,"column":22}},"29":{"start":{"line":130,"column":4},"end":{"line":135,"column":5}},"30":{"start":{"line":130,"column":17},"end":{"line":130,"column":18}},"31":{"start":{"line":131,"column":6},"end":{"line":134,"column":7}},"32":{"start":{"line":132,"column":8},"end":{"line":132,"column":37}},"33":{"start":{"line":133,"column":8},"end":{"line":133,"column":14}},"34":{"start":{"line":136,"column":4},"end":{"line":136,"column":19}},"35":{"start":{"line":145,"column":4},"end":{"line":145,"column":43}},"36":{"start":{"line":154,"column":4},"end":{"line":154,"column":41}},"37":{"start":{"line":163,"column":4},"end":{"line":163,"column":45}},"38":{"start":{"line":171,"column":4},"end":{"line":171,"column":32}}},"fnMap":{"0":{"name":"(anonymous_0)","decl":{"start":{"line":12,"column":2},"end":{"line":12,"column":3}},"loc":{"start":{"line":12,"column":16},"end":{"line":16,"column":3}},"line":12},"1":{"name":"(anonymous_1)","decl":{"start":{"line":22,"column":2},"end":{"line":22,"column":3}},"loc":{"start":{"line":22,"column":14},"end":{"line":24,"column":3}},"line":22},"2":{"name":"(anonymous_2)","decl":{"start":{"line":30,"column":2},"end":{"line":30,"column":3}},"loc":{"start":{"line":30,"column":18},"end":{"line":32,"column":3}},"line":30},"3":{"name":"(anonymous_3)","decl":{"start":{"line":38,"column":2},"end":{"line":38,"column":3}},"loc":{"start":{"line":38,"column":16},"end":{"line":40,"column":3}},"line":38},"4":{"name":"(anonymous_4)","decl":{"start":{"line":46,"column":2},"end":{"line":46,"column":3}},"loc":{"start":{"line":46,"column":19},"end":{"line":53,"column":3}},"line":46},"5":{"name":"(anonymous_5)","decl":{"start":{"line":59,"column":2},"end":{"line":59,"column":3}},"loc":{"start":{"line":59,"column":17},"end":{"line":66,"column":3}},"line":59},"6":{"name":"(anonymous_6)","decl":{"start":{"line":72,"column":2},"end":{"line":72,"column":3}},"loc":{"start":{"line":72,"column":21},"end":{"line":79,"column":3}},"line":72},"7":{"name":"(anonymous_7)","decl":{"start":{"line":85,"column":2},"end":{"line":85,"column":3}},"loc":{"start":{"line":85,"column":18},"end":{"line":87,"column":3}},"line":85},"8":{"name":"(anonymous_8)","decl":{"start":{"line":93,"column":2},"end":{"line":93,"column":3}},"loc":{"start":{"line":93,"column":19},"end":{"line":95,"column":3}},"line":93},"9":{"name":"(anonymous_9)","decl":{"start":{"line":101,"column":2},"end":{"line":101,"column":3}},"loc":{"start":{"line":101,"column":17},"end":{"line":103,"column":3}},"line":101},"10":{"name":"(anonymous_10)","decl":{"start":{"line":110,"column":2},"end":{"line":110,"column":3}},"loc":{"start":{"line":110,"column":22},"end":{"line":119,"column":3}},"line":110},"11":{"name":"(anonymous_11)","decl":{"start":{"line":128,"column":2},"end":{"line":128,"column":3}},"loc":{"start":{"line":128,"column":20},"end":{"line":137,"column":3}},"line":128},"12":{"name":"(anonymous_12)","decl":{"start":{"line":144,"column":2},"end":{"line":144,"column":3}},"loc":{"start":{"line":144,"column":21},"end":{"line":146,"column":3}},"line":144},"13":{"name":"(anonymous_13)","decl":{"start":{"line":153,"column":2},"end":{"line":153,"column":3}},"loc":{"start":{"line":153,"column":19},"end":{"line":155,"column":3}},"line":153},"14":{"name":"(anonymous_14)","decl":{"start":{"line":162,"column":2},"end":{"line":162,"column":3}},"loc":{"start":{"line":162,"column":23},"end":{"line":164,"column":3}},"line":162},"15":{"name":"(anonymous_15)","decl":{"start":{"line":170,"column":2},"end":{"line":170,"column":3}},"loc":{"start":{"line":170,"column":13},"end":{"line":172,"column":3}},"line":170}},"branchMap":{"0":{"loc":{"start":{"line":48,"column":4},"end":{"line":52,"column":5}},"type":"if","locations":[{"start":{"line":48,"column":4},"end":{"line":52,"column":5}},{"start":{"line":50,"column":11},"end":{"line":52,"column":5}}],"line":48},"1":{"loc":{"start":{"line":61,"column":4},"end":{"line":65,"column":5}},"type":"if","locations":[{"start":{"line":61,"column":4},"end":{"line":65,"column":5}},{"start":{"line":63,"column":11},"end":{"line":65,"column":5}}],"line":61},"2":{"loc":{"start":{"line":74,"column":4},"end":{"line":78,"column":5}},"type":"if","locations":[{"start":{"line":74,"column":4},"end":{"line":78,"column":5}},{"start":{"line":76,"column":11},"end":{"line":78,"column":5}}],"line":74},"3":{"loc":{"start":{"line":113,"column":6},"end":{"line":116,"column":7}},"type":"if","locations":[{"start":{"line":113,"column":6},"end":{"line":116,"column":7}},{"start":{},"end":{}}],"line":113},"4":{"loc":{"start":{"line":131,"column":6},"end":{"line":134,"column":7}},"type":"if","locations":[{"start":{"line":131,"column":6},"end":{"line":134,"column":7}},{"start":{},"end":{}}],"line":131}},"s":{"0":15,"1":15,"2":15,"3":5,"4":3,"5":5,"6":2,"7":2,"8":1,"9":1,"10":2,"11":2,"12":1,"13":1,"14":2,"15":2,"16":1,"17":1,"18":2,"19":2,"20":2,"21":2,"22":2,"23":2,"24":3,"25":2,"26":2,"27":2,"28":1,"29":1,"30":1,"31":2,"32":1,"33":1,"34":1,"35":1,"36":1,"37":1,"38":1},"f":{"0":15,"1":5,"2":3,"3":5,"4":2,"5":2,"6":2,"7":2,"8":2,"9":2,"10":2,"11":1,"12":1,"13":1,"14":1,"15":1},"b":{"0":[1,1],"1":[1,1],"2":[1,1],"3":[2,1],"4":[1,1]},"_coverageSchema":"1a1c01bbd47fc00a2c39e90264f33305004495a9","hash":"20db18f06487194f0b22429707f93d9a9b57aeba"}
}
