TN:
SF:fuente\dominio\Comentario.js
FN:7,(anonymous_0)
FN:13,(anonymous_1)
FN:16,(anonymous_2)
FN:19,(anonymous_3)
FN:22,(anonymous_4)
FN:28,(anonymous_5)
FN:34,(anonymous_6)
FN:40,(anonymous_7)
FNF:8
FNH:8
FNDA:18,(anonymous_0)
FNDA:8,(anonymous_1)
FNDA:9,(anonymous_2)
FNDA:5,(anonymous_3)
FNDA:2,(anonymous_4)
FNDA:2,(anonymous_5)
FNDA:2,(anonymous_6)
FNDA:1,(anonymous_7)
DA:8,18
DA:9,18
DA:10,18
DA:14,8
DA:17,9
DA:20,5
DA:23,2
DA:24,1
DA:26,1
DA:29,2
DA:30,1
DA:32,1
DA:35,2
DA:36,1
DA:38,1
DA:41,1
LF:16
LH:16
BRDA:23,0,0,1
BRDA:23,0,1,1
BRDA:29,1,0,1
BRDA:29,1,1,1
BRDA:35,2,0,1
BRDA:35,2,1,1
BRDA:35,3,0,2
BRDA:35,3,1,2
BRF:8
BRH:8
end_of_record
TN:
SF:fuente\dominio\Dia.js
FN:6,(anonymous_0)
FN:12,(anonymous_1)
FN:19,(anonymous_2)
FN:28,(anonymous_3)
FN:32,(anonymous_4)
FN:36,(anonymous_5)
FN:40,(anonymous_6)
FN:47,(anonymous_7)
FN:54,(anonymous_8)
FN:62,(anonymous_9)
FN:74,(anonymous_10)
FN:78,(anonymous_11)
FN:96,(anonymous_12)
FNF:13
FNH:13
FNDA:41,(anonymous_0)
FNDA:7,(anonymous_1)
FNDA:2,(anonymous_2)
FNDA:4,(anonymous_3)
FNDA:3,(anonymous_4)
FNDA:31,(anonymous_5)
FNDA:2,(anonymous_6)
FNDA:2,(anonymous_7)
FNDA:4,(anonymous_8)
FNDA:2,(anonymous_9)
FNDA:7,(anonymous_10)
FNDA:7,(anonymous_11)
FNDA:3,(anonymous_12)
DA:7,41
DA:8,41
DA:9,41
DA:13,7
DA:14,2
DA:16,5
DA:20,2
DA:21,2
DA:22,1
DA:24,1
DA:29,4
DA:33,3
DA:37,31
DA:41,2
DA:42,1
DA:44,1
DA:48,2
DA:49,1
DA:51,1
DA:55,4
DA:56,4
DA:57,6
DA:59,4
DA:63,2
DA:64,2
DA:65,2
DA:66,1
DA:67,3
DA:69,1
DA:71,2
DA:75,7
DA:79,7
DA:80,1
DA:83,6
DA:84,6
DA:85,6
DA:86,6
DA:88,6
DA:89,6
DA:97,3
DA:98,1
DA:100,2
DA:101,1
DA:103,1
LF:44
LH:44
BRDA:13,0,0,2
BRDA:13,0,1,5
BRDA:13,1,0,7
BRDA:13,1,1,6
BRDA:21,2,0,1
BRDA:21,2,1,1
BRDA:41,3,0,1
BRDA:41,3,1,1
BRDA:48,4,0,1
BRDA:48,4,1,1
BRDA:48,5,0,2
BRDA:48,5,1,1
BRDA:65,6,0,1
BRDA:65,6,1,1
BRDA:79,7,0,1
BRDA:79,7,1,6
BRDA:90,8,0,6
BRDA:90,8,1,5
BRDA:90,8,2,4
BRDA:97,9,0,1
BRDA:97,9,1,2
BRDA:97,10,0,3
BRDA:97,10,1,2
BRDA:100,11,0,1
BRDA:100,11,1,1
BRDA:100,12,0,2
BRDA:100,12,1,1
BRF:27
BRH:27
end_of_record
TN:
SF:fuente\dominio\Menu.js
FN:15,(anonymous_0)
FN:29,(anonymous_1)
FN:32,(anonymous_2)
FN:35,(anonymous_3)
FN:38,(anonymous_4)
FN:41,(anonymous_5)
FN:44,(anonymous_6)
FN:47,(anonymous_7)
FN:50,(anonymous_8)
FN:53,(anonymous_9)
FN:56,(anonymous_10)
FN:59,(anonymous_11)
FN:62,(anonymous_12)
FN:66,(anonymous_13)
FN:73,(anonymous_14)
FN:80,(anonymous_15)
FN:87,(anonymous_16)
FN:94,(anonymous_17)
FN:101,(anonymous_18)
FN:108,(anonymous_19)
FN:115,(anonymous_20)
FN:122,(anonymous_21)
FN:129,(anonymous_22)
FN:136,(anonymous_23)
FNF:24
FNH:24
FNDA:72,(anonymous_0)
FNDA:1,(anonymous_1)
FNDA:5,(anonymous_2)
FNDA:2,(anonymous_3)
FNDA:2,(anonymous_4)
FNDA:1,(anonymous_5)
FNDA:2,(anonymous_6)
FNDA:2,(anonymous_7)
FNDA:2,(anonymous_8)
FNDA:2,(anonymous_9)
FNDA:2,(anonymous_10)
FNDA:2,(anonymous_11)
FNDA:2,(anonymous_12)
FNDA:2,(anonymous_13)
FNDA:2,(anonymous_14)
FNDA:2,(anonymous_15)
FNDA:2,(anonymous_16)
FNDA:2,(anonymous_17)
FNDA:2,(anonymous_18)
FNDA:2,(anonymous_19)
FNDA:2,(anonymous_20)
FNDA:2,(anonymous_21)
FNDA:2,(anonymous_22)
FNDA:1,(anonymous_23)
DA:17,72
DA:18,72
DA:19,72
DA:20,72
DA:21,72
DA:22,72
DA:23,72
DA:24,72
DA:25,72
DA:26,72
DA:27,72
DA:30,1
DA:33,5
DA:36,2
DA:39,2
DA:42,1
DA:45,2
DA:48,2
DA:51,2
DA:54,2
DA:57,2
DA:60,2
DA:63,2
DA:67,2
DA:68,1
DA:70,1
DA:74,2
DA:75,1
DA:77,1
DA:81,2
DA:82,1
DA:84,1
DA:88,2
DA:89,1
DA:91,1
DA:95,2
DA:96,1
DA:98,1
DA:102,2
DA:103,1
DA:105,1
DA:109,2
DA:110,1
DA:112,1
DA:116,2
DA:117,1
DA:119,1
DA:123,2
DA:124,1
DA:126,1
DA:130,2
DA:131,1
DA:133,1
DA:137,1
LF:54
LH:54
BRDA:67,0,0,1
BRDA:67,0,1,1
BRDA:67,1,0,2
BRDA:67,1,1,1
BRDA:74,2,0,1
BRDA:74,2,1,1
BRDA:74,3,0,2
BRDA:74,3,1,1
BRDA:81,4,0,1
BRDA:81,4,1,1
BRDA:81,5,0,2
BRDA:81,5,1,1
BRDA:88,6,0,1
BRDA:88,6,1,1
BRDA:88,7,0,2
BRDA:88,7,1,1
BRDA:88,7,2,1
BRDA:95,8,0,1
BRDA:95,8,1,1
BRDA:95,9,0,2
BRDA:95,9,1,1
BRDA:102,10,0,1
BRDA:102,10,1,1
BRDA:102,11,0,2
BRDA:102,11,1,1
BRDA:109,12,0,1
BRDA:109,12,1,1
BRDA:109,13,0,2
BRDA:109,13,1,1
BRDA:116,14,0,1
BRDA:116,14,1,1
BRDA:116,15,0,2
BRDA:116,15,1,1
BRDA:123,16,0,1
BRDA:123,16,1,1
BRDA:123,17,0,2
BRDA:123,17,1,1
BRDA:130,18,0,1
BRDA:130,18,1,1
BRDA:130,19,0,2
BRDA:130,19,1,1
BRF:41
BRH:41
end_of_record
TN:
SF:fuente\dominio\Padre.js
FN:14,(anonymous_0)
FN:25,(anonymous_1)
FN:36,(anonymous_2)
FN:52,(anonymous_3)
FN:60,(anonymous_4)
FN:68,(anonymous_5)
FN:76,(anonymous_6)
FN:78,(anonymous_7)
FN:90,(anonymous_8)
FN:101,(anonymous_9)
FN:112,(anonymous_10)
FN:124,(anonymous_11)
FN:138,(anonymous_12)
FN:150,(anonymous_13)
FN:161,(anonymous_14)
FN:169,(anonymous_15)
FNF:16
FNH:16
FNDA:71,(anonymous_0)
FNDA:13,(anonymous_1)
FNDA:2,(anonymous_2)
FNDA:3,(anonymous_3)
FNDA:2,(anonymous_4)
FNDA:3,(anonymous_5)
FNDA:5,(anonymous_6)
FNDA:2,(anonymous_7)
FNDA:4,(anonymous_8)
FNDA:5,(anonymous_9)
FNDA:4,(anonymous_10)
FNDA:17,(anonymous_11)
FNDA:7,(anonymous_12)
FNDA:2,(anonymous_13)
FNDA:1,(anonymous_14)
FNDA:6,(anonymous_15)
DA:15,71
DA:16,71
DA:17,71
DA:18,71
DA:26,13
DA:27,3
DA:29,10
DA:37,2
DA:38,2
DA:39,2
DA:40,1
DA:43,2
DA:44,1
DA:53,3
DA:61,2
DA:69,3
DA:78,5
DA:79,2
DA:80,2
DA:81,2
DA:83,5
DA:91,4
DA:92,3
DA:94,1
DA:102,5
DA:103,4
DA:105,1
DA:113,4
DA:114,3
DA:116,1
DA:125,17
DA:126,17
DA:127,9
DA:128,3
DA:131,17
DA:139,7
DA:140,3
DA:142,4
DA:143,4
DA:151,2
DA:152,1
DA:154,1
DA:162,1
DA:170,6
DA:171,2
DA:173,4
DA:174,2
DA:176,2
DA:177,1
DA:179,1
LF:50
LH:50
BRDA:26,0,0,3
BRDA:26,0,1,10
BRDA:26,1,0,13
BRDA:26,1,1,12
BRDA:26,1,2,11
BRDA:39,2,0,1
BRDA:39,2,1,1
BRDA:43,3,0,1
BRDA:43,3,1,1
BRDA:91,4,0,3
BRDA:91,4,1,1
BRDA:91,5,0,4
BRDA:91,5,1,4
BRDA:91,5,2,4
BRDA:102,6,0,4
BRDA:102,6,1,1
BRDA:102,7,0,5
BRDA:102,7,1,5
BRDA:102,7,2,5
BRDA:102,7,3,3
BRDA:113,8,0,3
BRDA:113,8,1,1
BRDA:113,9,0,4
BRDA:113,9,1,4
BRDA:113,9,2,4
BRDA:127,10,0,3
BRDA:127,10,1,6
BRDA:139,11,0,3
BRDA:139,11,1,4
BRDA:139,12,0,7
BRDA:139,12,1,6
BRDA:139,12,2,5
BRDA:151,13,0,1
BRDA:151,13,1,1
BRDA:151,14,0,2
BRDA:151,14,1,2
BRDA:151,14,2,2
BRDA:170,15,0,2
BRDA:170,15,1,4
BRDA:170,16,0,6
BRDA:170,16,1,6
BRDA:170,16,2,6
BRDA:173,17,0,2
BRDA:173,17,1,2
BRDA:173,18,0,4
BRDA:173,18,1,4
BRDA:173,18,2,4
BRDA:173,18,3,4
BRDA:176,19,0,1
BRDA:176,19,1,1
BRDA:176,20,0,2
BRDA:176,20,1,2
BRDA:176,20,2,2
BRF:53
BRH:53
end_of_record
TN:
SF:fuente\dominio\Sistema.js
FN:7,(anonymous_0)
FN:14,(anonymous_1)
FN:17,(anonymous_2)
FN:20,(anonymous_3)
FN:23,(anonymous_4)
FN:32,(anonymous_5)
FN:40,(anonymous_6)
FN:48,(anonymous_7)
FN:51,(anonymous_8)
FN:54,(anonymous_9)
FN:57,(anonymous_10)
FN:69,(anonymous_11)
FN:79,(anonymous_12)
FN:82,(anonymous_13)
FN:85,(anonymous_14)
FN:88,(anonymous_15)
FNF:16
FNH:16
FNDA:15,(anonymous_0)
FNDA:5,(anonymous_1)
FNDA:3,(anonymous_2)
FNDA:5,(anonymous_3)
FNDA:2,(anonymous_4)
FNDA:2,(anonymous_5)
FNDA:2,(anonymous_6)
FNDA:2,(anonymous_7)
FNDA:2,(anonymous_8)
FNDA:2,(anonymous_9)
FNDA:2,(anonymous_10)
FNDA:1,(anonymous_11)
FNDA:1,(anonymous_12)
FNDA:1,(anonymous_13)
FNDA:1,(anonymous_14)
FNDA:1,(anonymous_15)
DA:8,15
DA:9,15
DA:10,15
DA:15,5
DA:18,3
DA:21,5
DA:24,2
DA:25,2
DA:26,1
DA:28,1
DA:33,2
DA:34,2
DA:35,1
DA:37,1
DA:41,2
DA:42,2
DA:43,1
DA:45,1
DA:49,2
DA:52,2
DA:55,2
DA:58,2
DA:59,2
DA:60,3
DA:61,2
DA:62,2
DA:65,2
DA:70,1
DA:71,1
DA:72,2
DA:73,1
DA:74,1
DA:77,1
DA:80,1
DA:83,1
DA:86,1
DA:89,1
LF:37
LH:37
BRDA:25,0,0,1
BRDA:25,0,1,1
BRDA:34,1,0,1
BRDA:34,1,1,1
BRDA:42,2,0,1
BRDA:42,2,1,1
BRDA:60,3,0,2
BRDA:60,3,1,1
BRDA:72,4,0,1
BRDA:72,4,1,1
BRF:10
BRH:10
end_of_record
