TN:
SF:fuente\dominio\Comentario.js
FN:15,(anonymous_0)
FN:25,(anonymous_1)
FN:33,(anonymous_2)
FN:41,(anonymous_3)
FN:49,(anonymous_4)
FN:60,(anonymous_5)
FN:71,(anonymous_6)
FN:83,(anonymous_7)
FNF:8
FNH:8
FNDA:18,(anonymous_0)
FNDA:8,(anonymous_1)
FNDA:9,(anonymous_2)
FNDA:5,(anonymous_3)
FNDA:2,(anonymous_4)
FNDA:2,(anonymous_5)
FNDA:2,(anonymous_6)
FNDA:1,(anonymous_7)
DA:16,18
DA:17,18
DA:18,18
DA:26,8
DA:34,9
DA:42,5
DA:50,2
DA:51,1
DA:53,1
DA:61,2
DA:62,1
DA:64,1
DA:72,2
DA:73,1
DA:74,1
DA:76,1
DA:84,1
LF:17
LH:17
BRDA:50,0,0,1
BRDA:50,0,1,1
BRDA:61,1,0,1
BRDA:61,1,1,1
BRDA:72,2,0,1
BRDA:72,2,1,1
BRDA:72,3,0,2
BRDA:72,3,1,2
BRF:8
BRH:8
end_of_record
TN:
SF:fuente\dominio\Dia.js
FN:14,(anonymous_0)
FN:24,(anonymous_1)
FN:35,(anonymous_2)
FN:48,(anonymous_3)
FN:56,(anonymous_4)
FN:64,(anonymous_5)
FN:72,(anonymous_6)
FN:83,(anonymous_7)
FN:94,(anonymous_8)
FN:106,(anonymous_9)
FN:122,(anonymous_10)
FN:131,(anonymous_11)
FN:153,(anonymous_12)
FNF:13
FNH:13
FNDA:41,(anonymous_0)
FNDA:7,(anonymous_1)
FNDA:2,(anonymous_2)
FNDA:4,(anonymous_3)
FNDA:3,(anonymous_4)
FNDA:31,(anonymous_5)
FNDA:2,(anonymous_6)
FNDA:2,(anonymous_7)
FNDA:4,(anonymous_8)
FNDA:2,(anonymous_9)
FNDA:7,(anonymous_10)
FNDA:7,(anonymous_11)
FNDA:3,(anonymous_12)
DA:15,41
DA:16,41
DA:17,41
DA:25,7
DA:26,2
DA:28,5
DA:36,2
DA:37,2
DA:38,1
DA:40,1
DA:49,4
DA:57,3
DA:65,31
DA:73,2
DA:74,1
DA:76,1
DA:84,2
DA:85,1
DA:87,1
DA:95,4
DA:96,4
DA:97,6
DA:99,4
DA:107,2
DA:108,2
DA:109,2
DA:110,1
DA:111,3
DA:113,1
DA:115,2
DA:123,7
DA:132,7
DA:133,1
DA:136,6
DA:137,6
DA:138,6
DA:139,6
DA:141,6
DA:142,6
DA:154,3
DA:155,1
DA:157,2
DA:158,1
DA:160,1
LF:44
LH:44
BRDA:25,0,0,2
BRDA:25,0,1,5
BRDA:25,1,0,7
BRDA:25,1,1,6
BRDA:37,2,0,1
BRDA:37,2,1,1
BRDA:73,3,0,1
BRDA:73,3,1,1
BRDA:84,4,0,1
BRDA:84,4,1,1
BRDA:84,5,0,2
BRDA:84,5,1,1
BRDA:109,6,0,1
BRDA:109,6,1,1
BRDA:132,7,0,1
BRDA:132,7,1,6
BRDA:143,8,0,6
BRDA:143,8,1,5
BRDA:143,8,2,4
BRDA:154,9,0,1
BRDA:154,9,1,2
BRDA:154,10,0,3
BRDA:154,10,1,2
BRDA:157,11,0,1
BRDA:157,11,1,1
BRDA:157,12,0,2
BRDA:157,12,1,1
BRF:27
BRH:27
end_of_record
TN:
SF:fuente\dominio\Menu.js
FN:30,(anonymous_0)
FN:50,(anonymous_1)
FN:58,(anonymous_2)
FN:66,(anonymous_3)
FN:74,(anonymous_4)
FN:82,(anonymous_5)
FN:90,(anonymous_6)
FN:98,(anonymous_7)
FN:106,(anonymous_8)
FN:114,(anonymous_9)
FN:122,(anonymous_10)
FN:130,(anonymous_11)
FN:138,(anonymous_12)
FN:146,(anonymous_13)
FN:157,(anonymous_14)
FN:168,(anonymous_15)
FN:179,(anonymous_16)
FN:190,(anonymous_17)
FN:201,(anonymous_18)
FN:212,(anonymous_19)
FN:223,(anonymous_20)
FN:234,(anonymous_21)
FN:245,(anonymous_22)
FN:256,(anonymous_23)
FNF:24
FNH:24
FNDA:72,(anonymous_0)
FNDA:1,(anonymous_1)
FNDA:5,(anonymous_2)
FNDA:2,(anonymous_3)
FNDA:2,(anonymous_4)
FNDA:1,(anonymous_5)
FNDA:2,(anonymous_6)
FNDA:2,(anonymous_7)
FNDA:2,(anonymous_8)
FNDA:2,(anonymous_9)
FNDA:2,(anonymous_10)
FNDA:2,(anonymous_11)
FNDA:2,(anonymous_12)
FNDA:2,(anonymous_13)
FNDA:2,(anonymous_14)
FNDA:2,(anonymous_15)
FNDA:2,(anonymous_16)
FNDA:2,(anonymous_17)
FNDA:2,(anonymous_18)
FNDA:2,(anonymous_19)
FNDA:2,(anonymous_20)
FNDA:2,(anonymous_21)
FNDA:2,(anonymous_22)
FNDA:1,(anonymous_23)
DA:32,72
DA:33,72
DA:34,72
DA:35,72
DA:36,72
DA:37,72
DA:38,72
DA:39,72
DA:40,72
DA:41,72
DA:42,72
DA:51,1
DA:59,5
DA:67,2
DA:75,2
DA:83,1
DA:91,2
DA:99,2
DA:107,2
DA:115,2
DA:123,2
DA:131,2
DA:139,2
DA:147,2
DA:148,1
DA:150,1
DA:158,2
DA:159,1
DA:161,1
DA:169,2
DA:170,1
DA:172,1
DA:180,2
DA:181,1
DA:183,1
DA:191,2
DA:192,1
DA:194,1
DA:202,2
DA:203,1
DA:205,1
DA:213,2
DA:214,1
DA:216,1
DA:224,2
DA:225,1
DA:227,1
DA:235,2
DA:236,1
DA:238,1
DA:246,2
DA:247,1
DA:249,1
DA:257,1
LF:54
LH:54
BRDA:147,0,0,1
BRDA:147,0,1,1
BRDA:147,1,0,2
BRDA:147,1,1,1
BRDA:158,2,0,1
BRDA:158,2,1,1
BRDA:158,3,0,2
BRDA:158,3,1,1
BRDA:169,4,0,1
BRDA:169,4,1,1
BRDA:169,5,0,2
BRDA:169,5,1,1
BRDA:180,6,0,1
BRDA:180,6,1,1
BRDA:180,7,0,2
BRDA:180,7,1,1
BRDA:180,7,2,1
BRDA:191,8,0,1
BRDA:191,8,1,1
BRDA:191,9,0,2
BRDA:191,9,1,1
BRDA:202,10,0,1
BRDA:202,10,1,1
BRDA:202,11,0,2
BRDA:202,11,1,1
BRDA:213,12,0,1
BRDA:213,12,1,1
BRDA:213,13,0,2
BRDA:213,13,1,1
BRDA:224,14,0,1
BRDA:224,14,1,1
BRDA:224,15,0,2
BRDA:224,15,1,1
BRDA:235,16,0,1
BRDA:235,16,1,1
BRDA:235,17,0,2
BRDA:235,17,1,1
BRDA:246,18,0,1
BRDA:246,18,1,1
BRDA:246,19,0,2
BRDA:246,19,1,1
BRF:41
BRH:41
end_of_record
TN:
SF:fuente\dominio\Padre.js
FN:16,(anonymous_0)
FN:27,(anonymous_1)
FN:39,(anonymous_2)
FN:55,(anonymous_3)
FN:63,(anonymous_4)
FN:71,(anonymous_5)
FN:80,(anonymous_6)
FN:83,(anonymous_7)
FN:95,(anonymous_8)
FN:107,(anonymous_9)
FN:119,(anonymous_10)
FN:133,(anonymous_11)
FN:147,(anonymous_12)
FN:160,(anonymous_13)
FN:172,(anonymous_14)
FN:181,(anonymous_15)
FNF:16
FNH:16
FNDA:69,(anonymous_0)
FNDA:13,(anonymous_1)
FNDA:2,(anonymous_2)
FNDA:4,(anonymous_3)
FNDA:2,(anonymous_4)
FNDA:3,(anonymous_5)
FNDA:5,(anonymous_6)
FNDA:2,(anonymous_7)
FNDA:4,(anonymous_8)
FNDA:5,(anonymous_9)
FNDA:4,(anonymous_10)
FNDA:17,(anonymous_11)
FNDA:7,(anonymous_12)
FNDA:2,(anonymous_13)
FNDA:1,(anonymous_14)
FNDA:3,(anonymous_15)
DA:17,69
DA:18,69
DA:19,69
DA:20,69
DA:28,13
DA:30,3
DA:32,10
DA:40,2
DA:41,2
DA:42,2
DA:43,1
DA:46,2
DA:47,1
DA:56,4
DA:64,2
DA:72,3
DA:83,5
DA:84,2
DA:85,2
DA:86,2
DA:88,5
DA:96,4
DA:98,3
DA:100,1
DA:108,5
DA:110,4
DA:112,1
DA:120,4
DA:122,3
DA:124,1
DA:134,17
DA:135,17
DA:136,9
DA:137,3
DA:140,17
DA:148,7
DA:150,3
DA:152,4
DA:153,4
DA:161,2
DA:163,1
DA:165,1
DA:173,1
DA:182,3
DA:184,1
DA:186,2
DA:188,1
DA:190,1
DA:192,0
DA:194,1
LF:50
LH:49
BRDA:28,0,0,3
BRDA:28,0,1,10
BRDA:28,1,0,13
BRDA:28,1,1,12
BRDA:28,1,2,11
BRDA:42,2,0,1
BRDA:42,2,1,1
BRDA:46,3,0,1
BRDA:46,3,1,1
BRDA:96,4,0,3
BRDA:96,4,1,1
BRDA:96,5,0,4
BRDA:96,5,1,4
BRDA:96,5,2,4
BRDA:108,6,0,4
BRDA:108,6,1,1
BRDA:108,7,0,5
BRDA:108,7,1,5
BRDA:108,7,2,5
BRDA:108,7,3,3
BRDA:120,8,0,3
BRDA:120,8,1,1
BRDA:120,9,0,4
BRDA:120,9,1,4
BRDA:120,9,2,4
BRDA:136,10,0,3
BRDA:136,10,1,6
BRDA:148,11,0,3
BRDA:148,11,1,4
BRDA:148,12,0,7
BRDA:148,12,1,6
BRDA:148,12,2,5
BRDA:161,13,0,1
BRDA:161,13,1,1
BRDA:161,14,0,2
BRDA:161,14,1,2
BRDA:161,14,2,2
BRDA:182,15,0,1
BRDA:182,15,1,2
BRDA:182,16,0,3
BRDA:182,16,1,3
BRDA:182,16,2,3
BRDA:186,17,0,1
BRDA:186,17,1,1
BRDA:186,18,0,2
BRDA:186,18,1,2
BRDA:186,18,2,2
BRDA:186,18,3,2
BRDA:190,19,0,0
BRDA:190,19,1,1
BRDA:190,20,0,1
BRDA:190,20,1,1
BRDA:190,20,2,1
BRF:53
BRH:52
end_of_record
TN:
SF:fuente\dominio\Sistema.js
FN:12,(anonymous_0)
FN:22,(anonymous_1)
FN:30,(anonymous_2)
FN:38,(anonymous_3)
FN:46,(anonymous_4)
FN:59,(anonymous_5)
FN:72,(anonymous_6)
FN:85,(anonymous_7)
FN:93,(anonymous_8)
FN:101,(anonymous_9)
FN:110,(anonymous_10)
FN:128,(anonymous_11)
FN:144,(anonymous_12)
FN:153,(anonymous_13)
FN:162,(anonymous_14)
FN:170,(anonymous_15)
FNF:16
FNH:16
FNDA:15,(anonymous_0)
FNDA:5,(anonymous_1)
FNDA:3,(anonymous_2)
FNDA:5,(anonymous_3)
FNDA:2,(anonymous_4)
FNDA:2,(anonymous_5)
FNDA:2,(anonymous_6)
FNDA:2,(anonymous_7)
FNDA:2,(anonymous_8)
FNDA:2,(anonymous_9)
FNDA:2,(anonymous_10)
FNDA:1,(anonymous_11)
FNDA:1,(anonymous_12)
FNDA:1,(anonymous_13)
FNDA:1,(anonymous_14)
FNDA:1,(anonymous_15)
DA:13,15
DA:14,15
DA:15,15
DA:23,5
DA:31,3
DA:39,5
DA:47,2
DA:48,2
DA:49,1
DA:51,1
DA:60,2
DA:61,2
DA:62,1
DA:64,1
DA:73,2
DA:74,2
DA:75,1
DA:77,1
DA:86,2
DA:94,2
DA:102,2
DA:111,2
DA:112,2
DA:113,3
DA:114,2
DA:115,2
DA:118,2
DA:129,1
DA:130,1
DA:131,2
DA:132,1
DA:133,1
DA:136,1
DA:145,1
DA:154,1
DA:163,1
DA:171,1
LF:37
LH:37
BRDA:48,0,0,1
BRDA:48,0,1,1
BRDA:61,1,0,1
BRDA:61,1,1,1
BRDA:74,2,0,1
BRDA:74,2,1,1
BRDA:113,3,0,2
BRDA:113,3,1,1
BRDA:131,4,0,1
BRDA:131,4,1,1
BRF:10
BRH:10
end_of_record
